{"D:\\Peter\\AURA Proto review 1\\AURA-PROJ\\AURA-NOTES-MANAGER\\frontend\\src\\App.tsx": {"path":"D:\\Peter\\AURA Proto review 1\\AURA-PROJ\\AURA-NOTES-MANAGER\\frontend\\src\\App.tsx","all":true,"statementMap":{"0":{"start":{"line":1,"column":0},"end":{"line":1,"column":3}},"1":{"start":{"line":2,"column":0},"end":{"line":2,"column":79}},"2":{"start":{"line":3,"column":0},"end":{"line":3,"column":16}},"3":{"start":{"line":4,"column":0},"end":{"line":4,"column":33}},"4":{"start":{"line":5,"column":0},"end":{"line":5,"column":79}},"5":{"start":{"line":6,"column":0},"end":{"line":6,"column":2}},"6":{"start":{"line":7,"column":0},"end":{"line":7,"column":11}},"7":{"start":{"line":8,"column":0},"end":{"line":8,"column":77}},"8":{"start":{"line":9,"column":0},"end":{"line":9,"column":74}},"9":{"start":{"line":10,"column":0},"end":{"line":10,"column":32}},"10":{"start":{"line":11,"column":0},"end":{"line":11,"column":2}},"11":{"start":{"line":12,"column":0},"end":{"line":12,"column":19}},"12":{"start":{"line":13,"column":0},"end":{"line":13,"column":62}},"13":{"start":{"line":14,"column":0},"end":{"line":14,"column":58}},"14":{"start":{"line":15,"column":0},"end":{"line":15,"column":68}},"15":{"start":{"line":16,"column":0},"end":{"line":16,"column":66}},"16":{"start":{"line":17,"column":0},"end":{"line":17,"column":2}},"17":{"start":{"line":18,"column":0},"end":{"line":18,"column":18}},"18":{"start":{"line":19,"column":0},"end":{"line":19,"column":51}},"19":{"start":{"line":20,"column":0},"end":{"line":20,"column":63}},"20":{"start":{"line":21,"column":0},"end":{"line":21,"column":47}},"21":{"start":{"line":22,"column":0},"end":{"line":22,"column":2}},"22":{"start":{"line":23,"column":0},"end":{"line":23,"column":16}},"23":{"start":{"line":24,"column":0},"end":{"line":24,"column":42}},"24":{"start":{"line":25,"column":0},"end":{"line":25,"column":36}},"25":{"start":{"line":26,"column":0},"end":{"line":26,"column":2}},"26":{"start":{"line":27,"column":0},"end":{"line":27,"column":9}},"27":{"start":{"line":28,"column":0},"end":{"line":28,"column":78}},"28":{"start":{"line":29,"column":0},"end":{"line":29,"column":76}},"29":{"start":{"line":30,"column":0},"end":{"line":30,"column":79}},"30":{"start":{"line":31,"column":0},"end":{"line":31,"column":3}},"31":{"start":{"line":32,"column":0},"end":{"line":32,"column":63}},"32":{"start":{"line":33,"column":0},"end":{"line":33,"column":32}},"33":{"start":{"line":34,"column":0},"end":{"line":34,"column":47}},"34":{"start":{"line":35,"column":0},"end":{"line":35,"column":0}},"35":{"start":{"line":36,"column":0},"end":{"line":36,"column":16}},"36":{"start":{"line":37,"column":0},"end":{"line":37,"column":12}},"37":{"start":{"line":38,"column":0},"end":{"line":38,"column":23}},"38":{"start":{"line":39,"column":0},"end":{"line":39,"column":70}},"39":{"start":{"line":40,"column":0},"end":{"line":40,"column":20}},"40":{"start":{"line":41,"column":0},"end":{"line":41,"column":62}},"41":{"start":{"line":42,"column":0},"end":{"line":42,"column":21}},"42":{"start":{"line":43,"column":0},"end":{"line":43,"column":24}},"43":{"start":{"line":44,"column":0},"end":{"line":44,"column":5}},"44":{"start":{"line":45,"column":0},"end":{"line":45,"column":1}},"45":{"start":{"line":46,"column":0},"end":{"line":46,"column":0}},"46":{"start":{"line":47,"column":0},"end":{"line":47,"column":18}}},"s":{"0":0,"1":0,"2":0,"3":0,"4":0,"5":0,"6":0,"7":0,"8":0,"9":0,"10":0,"11":0,"12":0,"13":0,"14":0,"15":0,"16":0,"17":0,"18":0,"19":0,"20":0,"21":0,"22":0,"23":0,"24":0,"25":0,"26":0,"27":0,"28":0,"29":0,"30":0,"31":0,"32":0,"33":0,"34":0,"35":0,"36":0,"37":0,"38":0,"39":0,"40":0,"41":0,"42":0,"43":0,"44":0,"45":0,"46":0},"branchMap":{"0":{"type":"branch","line":1,"loc":{"start":{"line":1,"column":0},"end":{"line":47,"column":18}},"locations":[{"start":{"line":1,"column":0},"end":{"line":47,"column":18}}]}},"b":{"0":[0]},"fnMap":{"0":{"name":"(empty-report)","decl":{"start":{"line":1,"column":0},"end":{"line":47,"column":18}},"loc":{"start":{"line":1,"column":0},"end":{"line":47,"column":18}},"line":1}},"f":{"0":0}}
,"D:\\Peter\\AURA Proto review 1\\AURA-PROJ\\AURA-NOTES-MANAGER\\frontend\\src\\api\\audioApi.ts": {"path":"D:\\Peter\\AURA Proto review 1\\AURA-PROJ\\AURA-NOTES-MANAGER\\frontend\\src\\api\\audioApi.ts","all":false,"statementMap":{"41":{"start":{"line":42,"column":0},"end":{"line":42,"column":51}},"54":{"start":{"line":55,"column":0},"end":{"line":55,"column":80}},"55":{"start":{"line":56,"column":0},"end":{"line":56,"column":36}},"56":{"start":{"line":57,"column":0},"end":{"line":57,"column":34}},"57":{"start":{"line":58,"column":0},"end":{"line":58,"column":76}},"58":{"start":{"line":59,"column":0},"end":{"line":59,"column":1}},"61":{"start":{"line":62,"column":0},"end":{"line":62,"column":89}},"62":{"start":{"line":63,"column":0},"end":{"line":63,"column":54}},"63":{"start":{"line":64,"column":0},"end":{"line":64,"column":23}},"64":{"start":{"line":65,"column":0},"end":{"line":65,"column":38}},"65":{"start":{"line":66,"column":0},"end":{"line":66,"column":7}},"66":{"start":{"line":67,"column":0},"end":{"line":67,"column":1}},"69":{"start":{"line":70,"column":0},"end":{"line":70,"column":98}},"70":{"start":{"line":71,"column":0},"end":{"line":71,"column":60}},"71":{"start":{"line":72,"column":0},"end":{"line":72,"column":23}},"72":{"start":{"line":73,"column":0},"end":{"line":73,"column":38}},"73":{"start":{"line":74,"column":0},"end":{"line":74,"column":7}},"74":{"start":{"line":75,"column":0},"end":{"line":75,"column":1}},"77":{"start":{"line":78,"column":0},"end":{"line":78,"column":94}},"78":{"start":{"line":79,"column":0},"end":{"line":79,"column":65}},"79":{"start":{"line":80,"column":0},"end":{"line":80,"column":23}},"80":{"start":{"line":81,"column":0},"end":{"line":81,"column":38}},"81":{"start":{"line":82,"column":0},"end":{"line":82,"column":7}},"82":{"start":{"line":83,"column":0},"end":{"line":83,"column":1}},"85":{"start":{"line":86,"column":0},"end":{"line":86,"column":36}},"86":{"start":{"line":87,"column":0},"end":{"line":87,"column":15}},"87":{"start":{"line":88,"column":0},"end":{"line":88,"column":18}},"88":{"start":{"line":89,"column":0},"end":{"line":89,"column":21}},"89":{"start":{"line":90,"column":0},"end":{"line":90,"column":47}},"90":{"start":{"line":91,"column":0},"end":{"line":91,"column":36}},"91":{"start":{"line":92,"column":0},"end":{"line":92,"column":34}},"92":{"start":{"line":93,"column":0},"end":{"line":93,"column":36}},"93":{"start":{"line":94,"column":0},"end":{"line":94,"column":33}},"94":{"start":{"line":95,"column":0},"end":{"line":95,"column":57}},"95":{"start":{"line":96,"column":0},"end":{"line":96,"column":5}},"96":{"start":{"line":97,"column":0},"end":{"line":97,"column":62}},"97":{"start":{"line":98,"column":0},"end":{"line":98,"column":1}},"100":{"start":{"line":101,"column":0},"end":{"line":101,"column":81}},"101":{"start":{"line":102,"column":0},"end":{"line":102,"column":71}},"102":{"start":{"line":103,"column":0},"end":{"line":103,"column":1}}},"s":{"41":1,"54":0,"55":0,"56":0,"57":0,"58":0,"61":0,"62":0,"63":0,"64":0,"65":0,"66":0,"69":0,"70":0,"71":0,"72":0,"73":0,"74":0,"77":0,"78":0,"79":0,"80":0,"81":0,"82":0,"85":0,"86":0,"87":0,"88":0,"89":0,"90":0,"91":0,"92":0,"93":0,"94":0,"95":0,"96":0,"97":0,"100":0,"101":0,"102":0},"branchMap":{},"b":{},"fnMap":{"0":{"name":"transcribeAudio","decl":{"start":{"line":55,"column":0},"end":{"line":59,"column":1}},"loc":{"start":{"line":55,"column":0},"end":{"line":59,"column":1}},"line":55},"1":{"name":"refineTranscript","decl":{"start":{"line":62,"column":0},"end":{"line":67,"column":1}},"loc":{"start":{"line":62,"column":0},"end":{"line":67,"column":1}},"line":62},"2":{"name":"summarizeTranscript","decl":{"start":{"line":70,"column":0},"end":{"line":75,"column":1}},"loc":{"start":{"line":70,"column":0},"end":{"line":75,"column":1}},"line":70},"3":{"name":"generatePdf","decl":{"start":{"line":78,"column":0},"end":{"line":83,"column":1}},"loc":{"start":{"line":78,"column":0},"end":{"line":83,"column":1}},"line":78},"4":{"name":"startPipeline","decl":{"start":{"line":86,"column":0},"end":{"line":98,"column":1}},"loc":{"start":{"line":86,"column":0},"end":{"line":98,"column":1}},"line":86},"5":{"name":"getPipelineStatus","decl":{"start":{"line":101,"column":0},"end":{"line":103,"column":1}},"loc":{"start":{"line":101,"column":0},"end":{"line":103,"column":1}},"line":101}},"f":{"0":0,"1":0,"2":0,"3":0,"4":0,"5":0}}
,"D:\\Peter\\AURA Proto review 1\\AURA-PROJ\\AURA-NOTES-MANAGER\\frontend\\src\\api\\client.ts": {"path":"D:\\Peter\\AURA Proto review 1\\AURA-PROJ\\AURA-NOTES-MANAGER\\frontend\\src\\api\\client.ts","all":false,"statementMap":{"42":{"start":{"line":43,"column":0},"end":{"line":43,"column":24}},"44":{"start":{"line":45,"column":0},"end":{"line":45,"column":43}},"45":{"start":{"line":46,"column":0},"end":{"line":46,"column":17}},"47":{"start":{"line":48,"column":0},"end":{"line":48,"column":48}},"48":{"start":{"line":49,"column":0},"end":{"line":49,"column":23}},"49":{"start":{"line":50,"column":0},"end":{"line":50,"column":37}},"50":{"start":{"line":51,"column":0},"end":{"line":51,"column":25}},"51":{"start":{"line":52,"column":0},"end":{"line":52,"column":5}},"52":{"start":{"line":53,"column":0},"end":{"line":53,"column":1}},"55":{"start":{"line":56,"column":0},"end":{"line":56,"column":27}},"56":{"start":{"line":57,"column":0},"end":{"line":57,"column":21}},"57":{"start":{"line":58,"column":0},"end":{"line":58,"column":25}},"58":{"start":{"line":59,"column":0},"end":{"line":59,"column":15}},"59":{"start":{"line":60,"column":0},"end":{"line":60,"column":41}},"61":{"start":{"line":62,"column":0},"end":{"line":62,"column":39}},"62":{"start":{"line":63,"column":0},"end":{"line":63,"column":19}},"63":{"start":{"line":64,"column":0},"end":{"line":64,"column":18}},"64":{"start":{"line":65,"column":0},"end":{"line":65,"column":47}},"65":{"start":{"line":66,"column":0},"end":{"line":66,"column":32}},"66":{"start":{"line":67,"column":0},"end":{"line":67,"column":10}},"67":{"start":{"line":68,"column":0},"end":{"line":68,"column":7}},"69":{"start":{"line":70,"column":0},"end":{"line":70,"column":23}},"70":{"start":{"line":71,"column":0},"end":{"line":71,"column":87}},"72":{"start":{"line":73,"column":0},"end":{"line":73,"column":38}},"73":{"start":{"line":74,"column":0},"end":{"line":74,"column":40}},"74":{"start":{"line":75,"column":0},"end":{"line":75,"column":91}},"75":{"start":{"line":76,"column":0},"end":{"line":76,"column":70}},"76":{"start":{"line":77,"column":0},"end":{"line":77,"column":13}},"77":{"start":{"line":78,"column":0},"end":{"line":78,"column":9}},"79":{"start":{"line":80,"column":0},"end":{"line":80,"column":67}},"80":{"start":{"line":81,"column":0},"end":{"line":81,"column":5}},"82":{"start":{"line":83,"column":0},"end":{"line":83,"column":27}},"83":{"start":{"line":84,"column":0},"end":{"line":84,"column":1}},"86":{"start":{"line":87,"column":0},"end":{"line":87,"column":32}},"87":{"start":{"line":88,"column":0},"end":{"line":88,"column":21}},"88":{"start":{"line":89,"column":0},"end":{"line":89,"column":22}},"89":{"start":{"line":90,"column":0},"end":{"line":90,"column":15}},"90":{"start":{"line":91,"column":0},"end":{"line":91,"column":41}},"92":{"start":{"line":93,"column":0},"end":{"line":93,"column":39}},"93":{"start":{"line":94,"column":0},"end":{"line":94,"column":23}},"94":{"start":{"line":95,"column":0},"end":{"line":95,"column":23}},"95":{"start":{"line":96,"column":0},"end":{"line":96,"column":7}},"97":{"start":{"line":98,"column":0},"end":{"line":98,"column":23}},"98":{"start":{"line":99,"column":0},"end":{"line":99,"column":87}},"99":{"start":{"line":100,"column":0},"end":{"line":100,"column":67}},"100":{"start":{"line":101,"column":0},"end":{"line":101,"column":5}},"102":{"start":{"line":103,"column":0},"end":{"line":103,"column":27}},"103":{"start":{"line":104,"column":0},"end":{"line":104,"column":1}}},"s":{"42":1,"44":1,"45":1,"47":1,"48":5,"49":5,"50":5,"51":5,"52":1,"55":4,"56":4,"57":4,"58":4,"59":4,"61":4,"62":4,"63":4,"64":4,"65":4,"66":4,"67":4,"69":4,"70":4,"72":4,"73":4,"74":4,"75":2,"76":2,"77":4,"79":4,"80":4,"82":0,"83":0,"86":0,"87":0,"88":0,"89":0,"90":0,"92":0,"93":0,"94":0,"95":0,"97":0,"98":0,"99":0,"100":0,"102":0,"103":0},"branchMap":{"0":{"type":"branch","line":46,"loc":{"start":{"line":46,"column":4},"end":{"line":46,"column":17}},"locations":[{"start":{"line":46,"column":4},"end":{"line":46,"column":17}}]},"1":{"type":"branch","line":48,"loc":{"start":{"line":48,"column":4},"end":{"line":52,"column":5}},"locations":[{"start":{"line":48,"column":4},"end":{"line":52,"column":5}}]},"2":{"type":"branch","line":56,"loc":{"start":{"line":56,"column":0},"end":{"line":84,"column":1}},"locations":[{"start":{"line":56,"column":0},"end":{"line":84,"column":1}}]},"3":{"type":"branch","line":66,"loc":{"start":{"line":66,"column":15},"end":{"line":66,"column":32}},"locations":[{"start":{"line":66,"column":15},"end":{"line":66,"column":32}}]},"4":{"type":"branch","line":75,"loc":{"start":{"line":75,"column":44},"end":{"line":75,"column":90}},"locations":[{"start":{"line":75,"column":44},"end":{"line":75,"column":90}}]},"5":{"type":"branch","line":75,"loc":{"start":{"line":75,"column":90},"end":{"line":77,"column":13}},"locations":[{"start":{"line":75,"column":90},"end":{"line":77,"column":13}}]},"6":{"type":"branch","line":78,"loc":{"start":{"line":78,"column":8},"end":{"line":80,"column":40}},"locations":[{"start":{"line":78,"column":8},"end":{"line":80,"column":40}}]},"7":{"type":"branch","line":80,"loc":{"start":{"line":80,"column":30},"end":{"line":80,"column":65}},"locations":[{"start":{"line":80,"column":30},"end":{"line":80,"column":65}}]},"8":{"type":"branch","line":81,"loc":{"start":{"line":81,"column":4},"end":{"line":84,"column":1}},"locations":[{"start":{"line":81,"column":4},"end":{"line":84,"column":1}}]}},"b":{"0":[5],"1":[5],"2":[4],"3":[0],"4":[2],"5":[2],"6":[2],"7":[0],"8":[0]},"fnMap":{"0":{"name":"<instance_members_initializer>","decl":{"start":{"line":46,"column":4},"end":{"line":46,"column":17}},"loc":{"start":{"line":46,"column":4},"end":{"line":46,"column":17}},"line":46},"1":{"name":"DuplicateError","decl":{"start":{"line":48,"column":4},"end":{"line":52,"column":5}},"loc":{"start":{"line":48,"column":4},"end":{"line":52,"column":5}},"line":48},"2":{"name":"fetchApi","decl":{"start":{"line":56,"column":0},"end":{"line":84,"column":1}},"loc":{"start":{"line":56,"column":0},"end":{"line":84,"column":1}},"line":56},"3":{"name":"fetchFormData","decl":{"start":{"line":87,"column":0},"end":{"line":104,"column":1}},"loc":{"start":{"line":87,"column":0},"end":{"line":104,"column":1}},"line":87}},"f":{"0":5,"1":5,"2":4,"3":0}}
,"D:\\Peter\\AURA Proto review 1\\AURA-PROJ\\AURA-NOTES-MANAGER\\frontend\\src\\api\\explorerApi.ts": {"path":"D:\\Peter\\AURA Proto review 1\\AURA-PROJ\\AURA-NOTES-MANAGER\\frontend\\src\\api\\explorerApi.ts","all":false,"statementMap":{"45":{"start":{"line":46,"column":0},"end":{"line":46,"column":36}},"54":{"start":{"line":55,"column":0},"end":{"line":55,"column":85}},"55":{"start":{"line":56,"column":0},"end":{"line":56,"column":71}},"56":{"start":{"line":57,"column":0},"end":{"line":57,"column":1}},"59":{"start":{"line":60,"column":0},"end":{"line":60,"column":38}},"60":{"start":{"line":61,"column":0},"end":{"line":61,"column":28}},"61":{"start":{"line":62,"column":0},"end":{"line":62,"column":18}},"62":{"start":{"line":63,"column":0},"end":{"line":63,"column":30}},"63":{"start":{"line":64,"column":0},"end":{"line":64,"column":82}},"64":{"start":{"line":65,"column":0},"end":{"line":65,"column":1}},"67":{"start":{"line":68,"column":0},"end":{"line":68,"column":77}},"68":{"start":{"line":69,"column":0},"end":{"line":69,"column":53}},"69":{"start":{"line":70,"column":0},"end":{"line":70,"column":23}},"70":{"start":{"line":71,"column":0},"end":{"line":71,"column":38}},"71":{"start":{"line":72,"column":0},"end":{"line":72,"column":7}},"72":{"start":{"line":73,"column":0},"end":{"line":73,"column":1}},"75":{"start":{"line":76,"column":0},"end":{"line":76,"column":62}},"81":{"start":{"line":82,"column":0},"end":{"line":82,"column":4}},"82":{"start":{"line":83,"column":0},"end":{"line":83,"column":56}},"83":{"start":{"line":84,"column":0},"end":{"line":84,"column":1}},"86":{"start":{"line":87,"column":0},"end":{"line":87,"column":68}},"87":{"start":{"line":88,"column":0},"end":{"line":88,"column":37}},"88":{"start":{"line":89,"column":0},"end":{"line":89,"column":23}},"89":{"start":{"line":90,"column":0},"end":{"line":90,"column":45}},"90":{"start":{"line":91,"column":0},"end":{"line":91,"column":7}},"91":{"start":{"line":92,"column":0},"end":{"line":92,"column":1}},"93":{"start":{"line":94,"column":0},"end":{"line":94,"column":98}},"94":{"start":{"line":95,"column":0},"end":{"line":95,"column":35}},"95":{"start":{"line":96,"column":0},"end":{"line":96,"column":23}},"96":{"start":{"line":97,"column":0},"end":{"line":97,"column":101}},"97":{"start":{"line":98,"column":0},"end":{"line":98,"column":7}},"98":{"start":{"line":99,"column":0},"end":{"line":99,"column":1}},"100":{"start":{"line":101,"column":0},"end":{"line":101,"column":85}},"101":{"start":{"line":102,"column":0},"end":{"line":102,"column":34}},"102":{"start":{"line":103,"column":0},"end":{"line":103,"column":23}},"103":{"start":{"line":104,"column":0},"end":{"line":104,"column":70}},"104":{"start":{"line":105,"column":0},"end":{"line":105,"column":7}},"105":{"start":{"line":106,"column":0},"end":{"line":106,"column":1}},"107":{"start":{"line":108,"column":0},"end":{"line":108,"column":91}},"108":{"start":{"line":109,"column":0},"end":{"line":109,"column":33}},"109":{"start":{"line":110,"column":0},"end":{"line":110,"column":23}},"110":{"start":{"line":111,"column":0},"end":{"line":111,"column":91}},"111":{"start":{"line":112,"column":0},"end":{"line":112,"column":7}},"112":{"start":{"line":113,"column":0},"end":{"line":113,"column":1}},"114":{"start":{"line":115,"column":0},"end":{"line":115,"column":92}},"115":{"start":{"line":116,"column":0},"end":{"line":116,"column":43}},"116":{"start":{"line":117,"column":0},"end":{"line":117,"column":22}},"117":{"start":{"line":118,"column":0},"end":{"line":118,"column":35}},"118":{"start":{"line":119,"column":0},"end":{"line":119,"column":7}},"119":{"start":{"line":120,"column":0},"end":{"line":120,"column":1}},"121":{"start":{"line":122,"column":0},"end":{"line":122,"column":101}},"122":{"start":{"line":123,"column":0},"end":{"line":123,"column":41}},"123":{"start":{"line":124,"column":0},"end":{"line":124,"column":22}},"124":{"start":{"line":125,"column":0},"end":{"line":125,"column":35}},"125":{"start":{"line":126,"column":0},"end":{"line":126,"column":7}},"126":{"start":{"line":127,"column":0},"end":{"line":127,"column":1}},"128":{"start":{"line":129,"column":0},"end":{"line":129,"column":89}},"129":{"start":{"line":130,"column":0},"end":{"line":130,"column":40}},"130":{"start":{"line":131,"column":0},"end":{"line":131,"column":22}},"131":{"start":{"line":132,"column":0},"end":{"line":132,"column":35}},"132":{"start":{"line":133,"column":0},"end":{"line":133,"column":7}},"133":{"start":{"line":134,"column":0},"end":{"line":134,"column":1}},"135":{"start":{"line":136,"column":0},"end":{"line":136,"column":97}},"136":{"start":{"line":137,"column":0},"end":{"line":137,"column":39}},"137":{"start":{"line":138,"column":0},"end":{"line":138,"column":22}},"138":{"start":{"line":139,"column":0},"end":{"line":139,"column":35}},"139":{"start":{"line":140,"column":0},"end":{"line":140,"column":7}},"140":{"start":{"line":141,"column":0},"end":{"line":141,"column":1}},"142":{"start":{"line":143,"column":0},"end":{"line":143,"column":61}},"143":{"start":{"line":144,"column":0},"end":{"line":144,"column":37}},"144":{"start":{"line":145,"column":0},"end":{"line":145,"column":22}},"145":{"start":{"line":146,"column":0},"end":{"line":146,"column":40}},"146":{"start":{"line":147,"column":0},"end":{"line":147,"column":7}},"147":{"start":{"line":148,"column":0},"end":{"line":148,"column":1}},"149":{"start":{"line":150,"column":0},"end":{"line":150,"column":52}},"150":{"start":{"line":151,"column":0},"end":{"line":151,"column":64}},"151":{"start":{"line":152,"column":0},"end":{"line":152,"column":1}},"153":{"start":{"line":154,"column":0},"end":{"line":154,"column":50}},"154":{"start":{"line":155,"column":0},"end":{"line":155,"column":62}},"155":{"start":{"line":156,"column":0},"end":{"line":156,"column":1}},"157":{"start":{"line":158,"column":0},"end":{"line":158,"column":49}},"158":{"start":{"line":159,"column":0},"end":{"line":159,"column":61}},"159":{"start":{"line":160,"column":0},"end":{"line":160,"column":1}},"161":{"start":{"line":162,"column":0},"end":{"line":162,"column":48}},"162":{"start":{"line":163,"column":0},"end":{"line":163,"column":60}},"163":{"start":{"line":164,"column":0},"end":{"line":164,"column":1}},"165":{"start":{"line":166,"column":0},"end":{"line":166,"column":46}},"166":{"start":{"line":167,"column":0},"end":{"line":167,"column":58}},"167":{"start":{"line":168,"column":0},"end":{"line":168,"column":1}},"170":{"start":{"line":171,"column":0},"end":{"line":171,"column":81}},"171":{"start":{"line":172,"column":0},"end":{"line":172,"column":19}},"172":{"start":{"line":173,"column":0},"end":{"line":173,"column":26}},"173":{"start":{"line":174,"column":0},"end":{"line":174,"column":50}},"174":{"start":{"line":175,"column":0},"end":{"line":175,"column":24}},"175":{"start":{"line":176,"column":0},"end":{"line":176,"column":48}},"176":{"start":{"line":177,"column":0},"end":{"line":177,"column":23}},"177":{"start":{"line":178,"column":0},"end":{"line":178,"column":47}},"178":{"start":{"line":179,"column":0},"end":{"line":179,"column":22}},"179":{"start":{"line":180,"column":0},"end":{"line":180,"column":46}},"180":{"start":{"line":181,"column":0},"end":{"line":181,"column":20}},"181":{"start":{"line":182,"column":0},"end":{"line":182,"column":40}},"182":{"start":{"line":183,"column":0},"end":{"line":183,"column":16}},"183":{"start":{"line":184,"column":0},"end":{"line":184,"column":53}},"184":{"start":{"line":185,"column":0},"end":{"line":185,"column":5}},"185":{"start":{"line":186,"column":0},"end":{"line":186,"column":1}},"199":{"start":{"line":200,"column":0},"end":{"line":200,"column":90}},"200":{"start":{"line":201,"column":0},"end":{"line":201,"column":79}},"201":{"start":{"line":202,"column":0},"end":{"line":202,"column":1}},"203":{"start":{"line":204,"column":0},"end":{"line":204,"column":100}},"204":{"start":{"line":205,"column":0},"end":{"line":205,"column":70}},"205":{"start":{"line":206,"column":0},"end":{"line":206,"column":23}},"206":{"start":{"line":207,"column":0},"end":{"line":207,"column":18}},"207":{"start":{"line":208,"column":0},"end":{"line":208,"column":47}},"208":{"start":{"line":209,"column":0},"end":{"line":209,"column":10}},"209":{"start":{"line":210,"column":0},"end":{"line":210,"column":38}},"210":{"start":{"line":211,"column":0},"end":{"line":211,"column":7}},"211":{"start":{"line":212,"column":0},"end":{"line":212,"column":1}},"213":{"start":{"line":214,"column":0},"end":{"line":214,"column":78}},"214":{"start":{"line":215,"column":0},"end":{"line":215,"column":70}},"215":{"start":{"line":216,"column":0},"end":{"line":216,"column":1}},"217":{"start":{"line":218,"column":0},"end":{"line":218,"column":84}},"218":{"start":{"line":219,"column":0},"end":{"line":219,"column":73}},"219":{"start":{"line":220,"column":0},"end":{"line":220,"column":1}}},"s":{"45":1,"54":0,"55":0,"56":0,"59":0,"60":0,"61":0,"62":0,"63":0,"64":0,"67":0,"68":0,"69":0,"70":0,"71":0,"72":0,"75":0,"81":0,"82":0,"83":0,"86":0,"87":0,"88":0,"89":0,"90":0,"91":0,"93":0,"94":0,"95":0,"96":0,"97":0,"98":0,"100":0,"101":0,"102":0,"103":0,"104":0,"105":0,"107":0,"108":0,"109":0,"110":0,"111":0,"112":0,"114":0,"115":0,"116":0,"117":0,"118":0,"119":0,"121":0,"122":0,"123":0,"124":0,"125":0,"126":0,"128":0,"129":0,"130":0,"131":0,"132":0,"133":0,"135":0,"136":0,"137":0,"138":0,"139":0,"140":0,"142":0,"143":0,"144":0,"145":0,"146":0,"147":0,"149":0,"150":0,"151":0,"153":0,"154":0,"155":0,"157":0,"158":0,"159":0,"161":0,"162":0,"163":0,"165":0,"166":0,"167":0,"170":0,"171":0,"172":0,"173":0,"174":0,"175":0,"176":0,"177":0,"178":0,"179":0,"180":0,"181":0,"182":0,"183":0,"184":0,"185":0,"199":0,"200":0,"201":0,"203":0,"204":0,"205":0,"206":0,"207":0,"208":0,"209":0,"210":0,"211":0,"213":0,"214":0,"215":0,"217":0,"218":0,"219":0},"branchMap":{},"b":{},"fnMap":{"0":{"name":"getExplorerTree","decl":{"start":{"line":55,"column":0},"end":{"line":57,"column":1}},"loc":{"start":{"line":55,"column":0},"end":{"line":57,"column":1}},"line":55},"1":{"name":"getNodeChildren","decl":{"start":{"line":60,"column":0},"end":{"line":65,"column":1}},"loc":{"start":{"line":60,"column":0},"end":{"line":65,"column":1}},"line":60},"2":{"name":"moveNode","decl":{"start":{"line":68,"column":0},"end":{"line":73,"column":1}},"loc":{"start":{"line":68,"column":0},"end":{"line":73,"column":1}},"line":68},"3":{"name":"getNoteStatus","decl":{"start":{"line":76,"column":0},"end":{"line":84,"column":1}},"loc":{"start":{"line":76,"column":0},"end":{"line":84,"column":1}},"line":76},"4":{"name":"createDepartment","decl":{"start":{"line":87,"column":0},"end":{"line":92,"column":1}},"loc":{"start":{"line":87,"column":0},"end":{"line":92,"column":1}},"line":87},"5":{"name":"createSemester","decl":{"start":{"line":94,"column":0},"end":{"line":99,"column":1}},"loc":{"start":{"line":94,"column":0},"end":{"line":99,"column":1}},"line":94},"6":{"name":"createSubject","decl":{"start":{"line":101,"column":0},"end":{"line":106,"column":1}},"loc":{"start":{"line":101,"column":0},"end":{"line":106,"column":1}},"line":101},"7":{"name":"createModule","decl":{"start":{"line":108,"column":0},"end":{"line":113,"column":1}},"loc":{"start":{"line":108,"column":0},"end":{"line":113,"column":1}},"line":108},"8":{"name":"updateDepartment","decl":{"start":{"line":115,"column":0},"end":{"line":120,"column":1}},"loc":{"start":{"line":115,"column":0},"end":{"line":120,"column":1}},"line":115},"9":{"name":"updateSemester","decl":{"start":{"line":122,"column":0},"end":{"line":127,"column":1}},"loc":{"start":{"line":122,"column":0},"end":{"line":127,"column":1}},"line":122},"10":{"name":"updateSubject","decl":{"start":{"line":129,"column":0},"end":{"line":134,"column":1}},"loc":{"start":{"line":129,"column":0},"end":{"line":134,"column":1}},"line":129},"11":{"name":"updateModule","decl":{"start":{"line":136,"column":0},"end":{"line":141,"column":1}},"loc":{"start":{"line":136,"column":0},"end":{"line":141,"column":1}},"line":136},"12":{"name":"updateNote","decl":{"start":{"line":143,"column":0},"end":{"line":148,"column":1}},"loc":{"start":{"line":143,"column":0},"end":{"line":148,"column":1}},"line":143},"13":{"name":"deleteDepartment","decl":{"start":{"line":150,"column":0},"end":{"line":152,"column":1}},"loc":{"start":{"line":150,"column":0},"end":{"line":152,"column":1}},"line":150},"14":{"name":"deleteSemester","decl":{"start":{"line":154,"column":0},"end":{"line":156,"column":1}},"loc":{"start":{"line":154,"column":0},"end":{"line":156,"column":1}},"line":154},"15":{"name":"deleteSubject","decl":{"start":{"line":158,"column":0},"end":{"line":160,"column":1}},"loc":{"start":{"line":158,"column":0},"end":{"line":160,"column":1}},"line":158},"16":{"name":"deleteModule","decl":{"start":{"line":162,"column":0},"end":{"line":164,"column":1}},"loc":{"start":{"line":162,"column":0},"end":{"line":164,"column":1}},"line":162},"17":{"name":"deleteNote","decl":{"start":{"line":166,"column":0},"end":{"line":168,"column":1}},"loc":{"start":{"line":166,"column":0},"end":{"line":168,"column":1}},"line":166},"18":{"name":"renameNode","decl":{"start":{"line":171,"column":0},"end":{"line":186,"column":1}},"loc":{"start":{"line":171,"column":0},"end":{"line":186,"column":1}},"line":171},"19":{"name":"getKGDocumentStatus","decl":{"start":{"line":200,"column":0},"end":{"line":202,"column":1}},"loc":{"start":{"line":200,"column":0},"end":{"line":202,"column":1}},"line":200},"20":{"name":"processKGBatch","decl":{"start":{"line":204,"column":0},"end":{"line":212,"column":1}},"loc":{"start":{"line":204,"column":0},"end":{"line":212,"column":1}},"line":204},"21":{"name":"getKGProcessingQueue","decl":{"start":{"line":214,"column":0},"end":{"line":216,"column":1}},"loc":{"start":{"line":214,"column":0},"end":{"line":216,"column":1}},"line":214},"22":{"name":"getKGTaskStatus","decl":{"start":{"line":218,"column":0},"end":{"line":220,"column":1}},"loc":{"start":{"line":218,"column":0},"end":{"line":220,"column":1}},"line":218}},"f":{"0":0,"1":0,"2":0,"3":0,"4":0,"5":0,"6":0,"7":0,"8":0,"9":0,"10":0,"11":0,"12":0,"13":0,"14":0,"15":0,"16":0,"17":0,"18":0,"19":0,"20":0,"21":0,"22":0}}
,"D:\\Peter\\AURA Proto review 1\\AURA-PROJ\\AURA-NOTES-MANAGER\\frontend\\src\\api\\index.ts": {"path":"D:\\Peter\\AURA Proto review 1\\AURA-PROJ\\AURA-NOTES-MANAGER\\frontend\\src\\api\\index.ts","all":false,"statementMap":{"11":{"start":{"line":12,"column":0},"end":{"line":12,"column":25}},"12":{"start":{"line":13,"column":0},"end":{"line":13,"column":30}},"13":{"start":{"line":14,"column":0},"end":{"line":14,"column":27}}},"s":{"11":1,"12":1,"13":1},"branchMap":{},"b":{},"fnMap":{},"f":{}}
,"D:\\Peter\\AURA Proto review 1\\AURA-PROJ\\AURA-NOTES-MANAGER\\frontend\\src\\components\\explorer\\ContextMenu.tsx": {"path":"D:\\Peter\\AURA Proto review 1\\AURA-PROJ\\AURA-NOTES-MANAGER\\frontend\\src\\components\\explorer\\ContextMenu.tsx","all":true,"statementMap":{"0":{"start":{"line":1,"column":0},"end":{"line":1,"column":3}},"1":{"start":{"line":2,"column":0},"end":{"line":2,"column":79}},"2":{"start":{"line":3,"column":0},"end":{"line":3,"column":24}},"3":{"start":{"line":4,"column":0},"end":{"line":4,"column":61}},"4":{"start":{"line":5,"column":0},"end":{"line":5,"column":79}},"5":{"start":{"line":6,"column":0},"end":{"line":6,"column":2}},"6":{"start":{"line":7,"column":0},"end":{"line":7,"column":11}},"7":{"start":{"line":8,"column":0},"end":{"line":8,"column":70}},"8":{"start":{"line":9,"column":0},"end":{"line":9,"column":70}},"9":{"start":{"line":10,"column":0},"end":{"line":10,"column":25}},"10":{"start":{"line":11,"column":0},"end":{"line":11,"column":2}},"11":{"start":{"line":12,"column":0},"end":{"line":12,"column":19}},"12":{"start":{"line":13,"column":0},"end":{"line":13,"column":71}},"13":{"start":{"line":14,"column":0},"end":{"line":14,"column":63}},"14":{"start":{"line":15,"column":0},"end":{"line":15,"column":2}},"15":{"start":{"line":16,"column":0},"end":{"line":16,"column":16}},"16":{"start":{"line":17,"column":0},"end":{"line":17,"column":56}},"17":{"start":{"line":18,"column":0},"end":{"line":18,"column":56}},"18":{"start":{"line":19,"column":0},"end":{"line":19,"column":84}},"19":{"start":{"line":20,"column":0},"end":{"line":20,"column":42}},"20":{"start":{"line":21,"column":0},"end":{"line":21,"column":42}},"21":{"start":{"line":22,"column":0},"end":{"line":22,"column":2}},"22":{"start":{"line":23,"column":0},"end":{"line":23,"column":22}},"23":{"start":{"line":24,"column":0},"end":{"line":24,"column":33}},"24":{"start":{"line":25,"column":0},"end":{"line":25,"column":30}},"25":{"start":{"line":26,"column":0},"end":{"line":26,"column":28}},"26":{"start":{"line":27,"column":0},"end":{"line":27,"column":54}},"27":{"start":{"line":28,"column":0},"end":{"line":28,"column":33}},"28":{"start":{"line":29,"column":0},"end":{"line":29,"column":2}},"29":{"start":{"line":30,"column":0},"end":{"line":30,"column":16}},"30":{"start":{"line":31,"column":0},"end":{"line":31,"column":53}},"31":{"start":{"line":32,"column":0},"end":{"line":32,"column":48}},"32":{"start":{"line":33,"column":0},"end":{"line":33,"column":2}},"33":{"start":{"line":34,"column":0},"end":{"line":34,"column":9}},"34":{"start":{"line":35,"column":0},"end":{"line":35,"column":46}},"35":{"start":{"line":36,"column":0},"end":{"line":36,"column":65}},"36":{"start":{"line":37,"column":0},"end":{"line":37,"column":79}},"37":{"start":{"line":38,"column":0},"end":{"line":38,"column":3}},"38":{"start":{"line":39,"column":0},"end":{"line":39,"column":48}},"39":{"start":{"line":40,"column":0},"end":{"line":40,"column":55}},"40":{"start":{"line":41,"column":0},"end":{"line":41,"column":8}},"41":{"start":{"line":42,"column":0},"end":{"line":42,"column":15}},"42":{"start":{"line":43,"column":0},"end":{"line":43,"column":9}},"43":{"start":{"line":44,"column":0},"end":{"line":44,"column":11}},"44":{"start":{"line":45,"column":0},"end":{"line":45,"column":9}},"45":{"start":{"line":46,"column":0},"end":{"line":46,"column":13}},"46":{"start":{"line":47,"column":0},"end":{"line":47,"column":16}},"47":{"start":{"line":48,"column":0},"end":{"line":48,"column":22}},"48":{"start":{"line":49,"column":0},"end":{"line":49,"column":65}},"49":{"start":{"line":50,"column":0},"end":{"line":50,"column":0}},"50":{"start":{"line":51,"column":0},"end":{"line":51,"column":45}},"51":{"start":{"line":52,"column":0},"end":{"line":52,"column":90}},"52":{"start":{"line":53,"column":0},"end":{"line":53,"column":60}},"53":{"start":{"line":54,"column":0},"end":{"line":54,"column":56}},"54":{"start":{"line":55,"column":0},"end":{"line":55,"column":53}},"55":{"start":{"line":56,"column":0},"end":{"line":56,"column":48}},"56":{"start":{"line":57,"column":0},"end":{"line":57,"column":44}},"57":{"start":{"line":58,"column":0},"end":{"line":58,"column":2}},"58":{"start":{"line":59,"column":0},"end":{"line":59,"column":0}},"59":{"start":{"line":60,"column":0},"end":{"line":60,"column":31}},"60":{"start":{"line":61,"column":0},"end":{"line":61,"column":11}},"61":{"start":{"line":62,"column":0},"end":{"line":62,"column":28}},"62":{"start":{"line":63,"column":0},"end":{"line":63,"column":26}},"63":{"start":{"line":64,"column":0},"end":{"line":64,"column":25}},"64":{"start":{"line":65,"column":0},"end":{"line":65,"column":20}},"65":{"start":{"line":66,"column":0},"end":{"line":66,"column":19}},"66":{"start":{"line":67,"column":0},"end":{"line":67,"column":26}},"67":{"start":{"line":68,"column":0},"end":{"line":68,"column":22}},"68":{"start":{"line":69,"column":0},"end":{"line":69,"column":24}},"69":{"start":{"line":70,"column":0},"end":{"line":70,"column":27}},"70":{"start":{"line":71,"column":0},"end":{"line":71,"column":0}},"71":{"start":{"line":72,"column":0},"end":{"line":72,"column":41}},"72":{"start":{"line":73,"column":0},"end":{"line":73,"column":0}},"73":{"start":{"line":74,"column":0},"end":{"line":74,"column":64}},"74":{"start":{"line":75,"column":0},"end":{"line":75,"column":0}},"75":{"start":{"line":76,"column":0},"end":{"line":76,"column":32}},"76":{"start":{"line":77,"column":0},"end":{"line":77,"column":92}},"77":{"start":{"line":78,"column":0},"end":{"line":78,"column":35}},"78":{"start":{"line":79,"column":0},"end":{"line":79,"column":44}},"79":{"start":{"line":80,"column":0},"end":{"line":80,"column":32}},"80":{"start":{"line":81,"column":0},"end":{"line":81,"column":64}},"81":{"start":{"line":82,"column":0},"end":{"line":82,"column":40}},"82":{"start":{"line":83,"column":0},"end":{"line":83,"column":13}},"83":{"start":{"line":84,"column":0},"end":{"line":84,"column":9}},"84":{"start":{"line":85,"column":0},"end":{"line":85,"column":20}},"85":{"start":{"line":86,"column":0},"end":{"line":86,"column":6}},"86":{"start":{"line":87,"column":0},"end":{"line":87,"column":0}},"87":{"start":{"line":88,"column":0},"end":{"line":88,"column":88}},"88":{"start":{"line":89,"column":0},"end":{"line":89,"column":57}},"89":{"start":{"line":90,"column":0},"end":{"line":90,"column":0}},"90":{"start":{"line":91,"column":0},"end":{"line":91,"column":27}},"91":{"start":{"line":92,"column":0},"end":{"line":92,"column":0}},"92":{"start":{"line":93,"column":0},"end":{"line":93,"column":44}},"93":{"start":{"line":94,"column":0},"end":{"line":94,"column":40}},"94":{"start":{"line":95,"column":0},"end":{"line":95,"column":0}},"95":{"start":{"line":96,"column":0},"end":{"line":96,"column":30}},"96":{"start":{"line":97,"column":0},"end":{"line":97,"column":47}},"97":{"start":{"line":98,"column":0},"end":{"line":98,"column":68}},"98":{"start":{"line":99,"column":0},"end":{"line":99,"column":16}},"99":{"start":{"line":100,"column":0},"end":{"line":100,"column":42}},"100":{"start":{"line":101,"column":0},"end":{"line":101,"column":9}},"101":{"start":{"line":102,"column":0},"end":{"line":102,"column":27}},"102":{"start":{"line":103,"column":0},"end":{"line":103,"column":6}},"103":{"start":{"line":104,"column":0},"end":{"line":104,"column":0}},"104":{"start":{"line":105,"column":0},"end":{"line":105,"column":32}},"105":{"start":{"line":106,"column":0},"end":{"line":106,"column":45}},"106":{"start":{"line":107,"column":0},"end":{"line":107,"column":27}},"107":{"start":{"line":108,"column":0},"end":{"line":108,"column":6}},"108":{"start":{"line":109,"column":0},"end":{"line":109,"column":0}},"109":{"start":{"line":110,"column":0},"end":{"line":110,"column":37}},"110":{"start":{"line":111,"column":0},"end":{"line":111,"column":45}},"111":{"start":{"line":112,"column":0},"end":{"line":112,"column":26}},"112":{"start":{"line":113,"column":0},"end":{"line":113,"column":24}},"113":{"start":{"line":114,"column":0},"end":{"line":114,"column":28}},"114":{"start":{"line":115,"column":0},"end":{"line":115,"column":29}},"115":{"start":{"line":116,"column":0},"end":{"line":116,"column":11}},"116":{"start":{"line":117,"column":0},"end":{"line":117,"column":6}},"117":{"start":{"line":118,"column":0},"end":{"line":118,"column":0}},"118":{"start":{"line":119,"column":0},"end":{"line":119,"column":32}},"119":{"start":{"line":120,"column":0},"end":{"line":120,"column":31}},"120":{"start":{"line":121,"column":0},"end":{"line":121,"column":0}},"121":{"start":{"line":122,"column":0},"end":{"line":122,"column":41}},"122":{"start":{"line":123,"column":0},"end":{"line":123,"column":33}},"123":{"start":{"line":124,"column":0},"end":{"line":124,"column":0}},"124":{"start":{"line":125,"column":0},"end":{"line":125,"column":58}},"125":{"start":{"line":126,"column":0},"end":{"line":126,"column":40}},"126":{"start":{"line":127,"column":0},"end":{"line":127,"column":104}},"127":{"start":{"line":128,"column":0},"end":{"line":128,"column":31}},"128":{"start":{"line":129,"column":0},"end":{"line":129,"column":19}},"129":{"start":{"line":130,"column":0},"end":{"line":130,"column":9}},"130":{"start":{"line":131,"column":0},"end":{"line":131,"column":0}},"131":{"start":{"line":132,"column":0},"end":{"line":132,"column":83}},"132":{"start":{"line":133,"column":0},"end":{"line":133,"column":48}},"133":{"start":{"line":134,"column":0},"end":{"line":134,"column":27}},"134":{"start":{"line":135,"column":0},"end":{"line":135,"column":6}},"135":{"start":{"line":136,"column":0},"end":{"line":136,"column":0}},"136":{"start":{"line":137,"column":0},"end":{"line":137,"column":34}},"137":{"start":{"line":138,"column":0},"end":{"line":138,"column":37}},"138":{"start":{"line":139,"column":0},"end":{"line":139,"column":53}},"139":{"start":{"line":140,"column":0},"end":{"line":140,"column":57}},"140":{"start":{"line":141,"column":0},"end":{"line":141,"column":50}},"141":{"start":{"line":142,"column":0},"end":{"line":142,"column":25}},"142":{"start":{"line":143,"column":0},"end":{"line":143,"column":9}},"143":{"start":{"line":144,"column":0},"end":{"line":144,"column":27}},"144":{"start":{"line":145,"column":0},"end":{"line":145,"column":6}},"145":{"start":{"line":146,"column":0},"end":{"line":146,"column":0}},"146":{"start":{"line":147,"column":0},"end":{"line":147,"column":12}},"147":{"start":{"line":148,"column":0},"end":{"line":148,"column":12}},"148":{"start":{"line":149,"column":0},"end":{"line":149,"column":36}},"149":{"start":{"line":150,"column":0},"end":{"line":150,"column":20}},"150":{"start":{"line":151,"column":0},"end":{"line":151,"column":44}},"151":{"start":{"line":152,"column":0},"end":{"line":152,"column":42}},"152":{"start":{"line":153,"column":0},"end":{"line":153,"column":14}},"153":{"start":{"line":154,"column":0},"end":{"line":154,"column":48}},"154":{"start":{"line":155,"column":0},"end":{"line":155,"column":9}},"155":{"start":{"line":156,"column":0},"end":{"line":156,"column":71}},"156":{"start":{"line":157,"column":0},"end":{"line":157,"column":80}},"157":{"start":{"line":158,"column":0},"end":{"line":158,"column":59}},"158":{"start":{"line":159,"column":0},"end":{"line":159,"column":21}},"159":{"start":{"line":160,"column":0},"end":{"line":160,"column":0}},"160":{"start":{"line":161,"column":0},"end":{"line":161,"column":50}},"161":{"start":{"line":162,"column":0},"end":{"line":162,"column":79}},"162":{"start":{"line":163,"column":0},"end":{"line":163,"column":42}},"163":{"start":{"line":164,"column":0},"end":{"line":164,"column":45}},"164":{"start":{"line":165,"column":0},"end":{"line":165,"column":25}},"165":{"start":{"line":166,"column":0},"end":{"line":166,"column":14}},"166":{"start":{"line":167,"column":0},"end":{"line":167,"column":0}},"167":{"start":{"line":168,"column":0},"end":{"line":168,"column":54}},"168":{"start":{"line":169,"column":0},"end":{"line":169,"column":0}},"169":{"start":{"line":170,"column":0},"end":{"line":170,"column":27}},"170":{"start":{"line":171,"column":0},"end":{"line":171,"column":77}},"171":{"start":{"line":172,"column":0},"end":{"line":172,"column":38}},"172":{"start":{"line":173,"column":0},"end":{"line":173,"column":50}},"173":{"start":{"line":174,"column":0},"end":{"line":174,"column":25}},"174":{"start":{"line":175,"column":0},"end":{"line":175,"column":14}},"175":{"start":{"line":176,"column":0},"end":{"line":176,"column":0}},"176":{"start":{"line":177,"column":0},"end":{"line":177,"column":73}},"177":{"start":{"line":178,"column":0},"end":{"line":178,"column":34}},"178":{"start":{"line":179,"column":0},"end":{"line":179,"column":35}},"179":{"start":{"line":180,"column":0},"end":{"line":180,"column":21}},"180":{"start":{"line":181,"column":0},"end":{"line":181,"column":0}},"181":{"start":{"line":182,"column":0},"end":{"line":182,"column":54}},"182":{"start":{"line":183,"column":0},"end":{"line":183,"column":0}},"183":{"start":{"line":184,"column":0},"end":{"line":184,"column":85}},"184":{"start":{"line":185,"column":0},"end":{"line":185,"column":36}},"185":{"start":{"line":186,"column":0},"end":{"line":186,"column":35}},"186":{"start":{"line":187,"column":0},"end":{"line":187,"column":21}},"187":{"start":{"line":188,"column":0},"end":{"line":188,"column":14}},"188":{"start":{"line":189,"column":0},"end":{"line":189,"column":6}},"189":{"start":{"line":190,"column":0},"end":{"line":190,"column":1}}},"s":{"0":0,"1":0,"2":0,"3":0,"4":0,"5":0,"6":0,"7":0,"8":0,"9":0,"10":0,"11":0,"12":0,"13":0,"14":0,"15":0,"16":0,"17":0,"18":0,"19":0,"20":0,"21":0,"22":0,"23":0,"24":0,"25":0,"26":0,"27":0,"28":0,"29":0,"30":0,"31":0,"32":0,"33":0,"34":0,"35":0,"36":0,"37":0,"38":0,"39":0,"40":0,"41":0,"42":0,"43":0,"44":0,"45":0,"46":0,"47":0,"48":0,"49":0,"50":0,"51":0,"52":0,"53":0,"54":0,"55":0,"56":0,"57":0,"58":0,"59":0,"60":0,"61":0,"62":0,"63":0,"64":0,"65":0,"66":0,"67":0,"68":0,"69":0,"70":0,"71":0,"72":0,"73":0,"74":0,"75":0,"76":0,"77":0,"78":0,"79":0,"80":0,"81":0,"82":0,"83":0,"84":0,"85":0,"86":0,"87":0,"88":0,"89":0,"90":0,"91":0,"92":0,"93":0,"94":0,"95":0,"96":0,"97":0,"98":0,"99":0,"100":0,"101":0,"102":0,"103":0,"104":0,"105":0,"106":0,"107":0,"108":0,"109":0,"110":0,"111":0,"112":0,"113":0,"114":0,"115":0,"116":0,"117":0,"118":0,"119":0,"120":0,"121":0,"122":0,"123":0,"124":0,"125":0,"126":0,"127":0,"128":0,"129":0,"130":0,"131":0,"132":0,"133":0,"134":0,"135":0,"136":0,"137":0,"138":0,"139":0,"140":0,"141":0,"142":0,"143":0,"144":0,"145":0,"146":0,"147":0,"148":0,"149":0,"150":0,"151":0,"152":0,"153":0,"154":0,"155":0,"156":0,"157":0,"158":0,"159":0,"160":0,"161":0,"162":0,"163":0,"164":0,"165":0,"166":0,"167":0,"168":0,"169":0,"170":0,"171":0,"172":0,"173":0,"174":0,"175":0,"176":0,"177":0,"178":0,"179":0,"180":0,"181":0,"182":0,"183":0,"184":0,"185":0,"186":0,"187":0,"188":0,"189":0},"branchMap":{"0":{"type":"branch","line":1,"loc":{"start":{"line":1,"column":0},"end":{"line":190,"column":1}},"locations":[{"start":{"line":1,"column":0},"end":{"line":190,"column":1}}]}},"b":{"0":[0]},"fnMap":{"0":{"name":"(empty-report)","decl":{"start":{"line":1,"column":0},"end":{"line":190,"column":1}},"loc":{"start":{"line":1,"column":0},"end":{"line":190,"column":1}},"line":1}},"f":{"0":0}}
,"D:\\Peter\\AURA Proto review 1\\AURA-PROJ\\AURA-NOTES-MANAGER\\frontend\\src\\components\\explorer\\GridView.tsx": {"path":"D:\\Peter\\AURA Proto review 1\\AURA-PROJ\\AURA-NOTES-MANAGER\\frontend\\src\\components\\explorer\\GridView.tsx","all":false,"statementMap":{"49":{"start":{"line":50,"column":0},"end":{"line":50,"column":48}},"50":{"start":{"line":51,"column":0},"end":{"line":51,"column":31}},"51":{"start":{"line":52,"column":0},"end":{"line":52,"column":55}},"53":{"start":{"line":54,"column":0},"end":{"line":54,"column":33}},"54":{"start":{"line":55,"column":0},"end":{"line":55,"column":8}},"63":{"start":{"line":64,"column":0},"end":{"line":64,"column":75}},"71":{"start":{"line":72,"column":0},"end":{"line":72,"column":91}},"72":{"start":{"line":73,"column":0},"end":{"line":73,"column":62}},"73":{"start":{"line":74,"column":0},"end":{"line":74,"column":57}},"74":{"start":{"line":75,"column":0},"end":{"line":75,"column":55}},"75":{"start":{"line":76,"column":0},"end":{"line":76,"column":55}},"76":{"start":{"line":77,"column":0},"end":{"line":77,"column":49}},"77":{"start":{"line":78,"column":0},"end":{"line":78,"column":2}},"79":{"start":{"line":80,"column":0},"end":{"line":80,"column":52}},"80":{"start":{"line":81,"column":0},"end":{"line":81,"column":11}},"81":{"start":{"line":82,"column":0},"end":{"line":82,"column":20}},"82":{"start":{"line":83,"column":0},"end":{"line":83,"column":15}},"83":{"start":{"line":84,"column":0},"end":{"line":84,"column":21}},"84":{"start":{"line":85,"column":0},"end":{"line":85,"column":20}},"85":{"start":{"line":86,"column":0},"end":{"line":86,"column":19}},"86":{"start":{"line":87,"column":0},"end":{"line":87,"column":20}},"87":{"start":{"line":88,"column":0},"end":{"line":88,"column":24}},"88":{"start":{"line":89,"column":0},"end":{"line":89,"column":20}},"89":{"start":{"line":90,"column":0},"end":{"line":90,"column":23}},"90":{"start":{"line":91,"column":0},"end":{"line":91,"column":26}},"91":{"start":{"line":92,"column":0},"end":{"line":92,"column":25}},"92":{"start":{"line":93,"column":0},"end":{"line":93,"column":25}},"93":{"start":{"line":94,"column":0},"end":{"line":94,"column":23}},"94":{"start":{"line":95,"column":0},"end":{"line":95,"column":26}},"95":{"start":{"line":96,"column":0},"end":{"line":96,"column":21}},"96":{"start":{"line":97,"column":0},"end":{"line":97,"column":27}},"99":{"start":{"line":100,"column":0},"end":{"line":100,"column":61}},"100":{"start":{"line":101,"column":0},"end":{"line":101,"column":61}},"101":{"start":{"line":102,"column":0},"end":{"line":102,"column":41}},"104":{"start":{"line":105,"column":0},"end":{"line":105,"column":27}},"105":{"start":{"line":106,"column":0},"end":{"line":106,"column":29}},"106":{"start":{"line":107,"column":0},"end":{"line":107,"column":66}},"107":{"start":{"line":108,"column":0},"end":{"line":108,"column":23}},"108":{"start":{"line":109,"column":0},"end":{"line":109,"column":43}},"109":{"start":{"line":110,"column":0},"end":{"line":110,"column":13}},"110":{"start":{"line":111,"column":0},"end":{"line":111,"column":9}},"111":{"start":{"line":112,"column":0},"end":{"line":112,"column":32}},"114":{"start":{"line":115,"column":0},"end":{"line":115,"column":27}},"115":{"start":{"line":116,"column":0},"end":{"line":116,"column":31}},"116":{"start":{"line":117,"column":0},"end":{"line":117,"column":67}},"117":{"start":{"line":118,"column":0},"end":{"line":118,"column":9}},"118":{"start":{"line":119,"column":0},"end":{"line":119,"column":27}},"121":{"start":{"line":122,"column":0},"end":{"line":122,"column":61}},"122":{"start":{"line":123,"column":0},"end":{"line":123,"column":54}},"123":{"start":{"line":124,"column":0},"end":{"line":124,"column":41}},"124":{"start":{"line":125,"column":0},"end":{"line":125,"column":37}},"125":{"start":{"line":126,"column":0},"end":{"line":126,"column":35}},"126":{"start":{"line":127,"column":0},"end":{"line":127,"column":33}},"127":{"start":{"line":128,"column":0},"end":{"line":128,"column":28}},"128":{"start":{"line":129,"column":0},"end":{"line":129,"column":10}},"129":{"start":{"line":130,"column":0},"end":{"line":130,"column":48}},"130":{"start":{"line":131,"column":0},"end":{"line":131,"column":6}},"133":{"start":{"line":134,"column":0},"end":{"line":134,"column":61}},"134":{"start":{"line":135,"column":0},"end":{"line":135,"column":54}},"135":{"start":{"line":136,"column":0},"end":{"line":136,"column":41}},"136":{"start":{"line":137,"column":0},"end":{"line":137,"column":37}},"137":{"start":{"line":138,"column":0},"end":{"line":138,"column":35}},"138":{"start":{"line":139,"column":0},"end":{"line":139,"column":33}},"139":{"start":{"line":140,"column":0},"end":{"line":140,"column":30}},"140":{"start":{"line":141,"column":0},"end":{"line":141,"column":10}},"141":{"start":{"line":142,"column":0},"end":{"line":142,"column":50}},"142":{"start":{"line":143,"column":0},"end":{"line":143,"column":6}},"144":{"start":{"line":145,"column":0},"end":{"line":145,"column":64}},"145":{"start":{"line":146,"column":0},"end":{"line":146,"column":57}},"146":{"start":{"line":147,"column":0},"end":{"line":147,"column":36}},"147":{"start":{"line":148,"column":0},"end":{"line":148,"column":19}},"148":{"start":{"line":149,"column":0},"end":{"line":149,"column":9}},"150":{"start":{"line":151,"column":0},"end":{"line":151,"column":13}},"151":{"start":{"line":152,"column":0},"end":{"line":152,"column":31}},"152":{"start":{"line":153,"column":0},"end":{"line":153,"column":61}},"153":{"start":{"line":154,"column":0},"end":{"line":154,"column":81}},"154":{"start":{"line":155,"column":0},"end":{"line":155,"column":36}},"155":{"start":{"line":156,"column":0},"end":{"line":156,"column":25}},"156":{"start":{"line":157,"column":0},"end":{"line":157,"column":54}},"157":{"start":{"line":158,"column":0},"end":{"line":158,"column":75}},"158":{"start":{"line":159,"column":0},"end":{"line":159,"column":20}},"159":{"start":{"line":160,"column":0},"end":{"line":160,"column":54}},"160":{"start":{"line":161,"column":0},"end":{"line":161,"column":39}},"161":{"start":{"line":162,"column":0},"end":{"line":162,"column":40}},"162":{"start":{"line":163,"column":0},"end":{"line":163,"column":13}},"163":{"start":{"line":164,"column":0},"end":{"line":164,"column":9}},"164":{"start":{"line":165,"column":0},"end":{"line":165,"column":6}},"166":{"start":{"line":167,"column":0},"end":{"line":167,"column":83}},"167":{"start":{"line":168,"column":0},"end":{"line":168,"column":32}},"168":{"start":{"line":169,"column":0},"end":{"line":169,"column":37}},"169":{"start":{"line":170,"column":0},"end":{"line":170,"column":40}},"170":{"start":{"line":171,"column":0},"end":{"line":171,"column":36}},"171":{"start":{"line":172,"column":0},"end":{"line":172,"column":9}},"172":{"start":{"line":173,"column":0},"end":{"line":173,"column":28}},"173":{"start":{"line":174,"column":0},"end":{"line":174,"column":6}},"176":{"start":{"line":177,"column":0},"end":{"line":177,"column":44}},"177":{"start":{"line":178,"column":0},"end":{"line":178,"column":32}},"178":{"start":{"line":179,"column":0},"end":{"line":179,"column":29}},"179":{"start":{"line":180,"column":0},"end":{"line":180,"column":19}},"180":{"start":{"line":181,"column":0},"end":{"line":181,"column":9}},"183":{"start":{"line":184,"column":0},"end":{"line":184,"column":76}},"186":{"start":{"line":187,"column":0},"end":{"line":187,"column":13}},"187":{"start":{"line":188,"column":0},"end":{"line":188,"column":39}},"188":{"start":{"line":189,"column":0},"end":{"line":189,"column":36}},"189":{"start":{"line":190,"column":0},"end":{"line":190,"column":87}},"190":{"start":{"line":191,"column":0},"end":{"line":191,"column":59}},"191":{"start":{"line":192,"column":0},"end":{"line":192,"column":26}},"192":{"start":{"line":193,"column":0},"end":{"line":193,"column":17}},"193":{"start":{"line":194,"column":0},"end":{"line":194,"column":34}},"195":{"start":{"line":196,"column":0},"end":{"line":196,"column":87}},"197":{"start":{"line":198,"column":0},"end":{"line":198,"column":35}},"198":{"start":{"line":199,"column":0},"end":{"line":199,"column":55}},"200":{"start":{"line":201,"column":0},"end":{"line":201,"column":68}},"201":{"start":{"line":202,"column":0},"end":{"line":202,"column":63}},"202":{"start":{"line":203,"column":0},"end":{"line":203,"column":66}},"203":{"start":{"line":204,"column":0},"end":{"line":204,"column":27}},"204":{"start":{"line":205,"column":0},"end":{"line":205,"column":84}},"205":{"start":{"line":206,"column":0},"end":{"line":206,"column":21}},"206":{"start":{"line":207,"column":0},"end":{"line":207,"column":78}},"207":{"start":{"line":208,"column":0},"end":{"line":208,"column":26}},"208":{"start":{"line":209,"column":0},"end":{"line":209,"column":17}},"209":{"start":{"line":210,"column":0},"end":{"line":210,"column":33}},"210":{"start":{"line":211,"column":0},"end":{"line":211,"column":87}},"211":{"start":{"line":212,"column":0},"end":{"line":212,"column":75}},"212":{"start":{"line":213,"column":0},"end":{"line":213,"column":26}},"213":{"start":{"line":214,"column":0},"end":{"line":214,"column":17}},"214":{"start":{"line":215,"column":0},"end":{"line":215,"column":32}},"215":{"start":{"line":216,"column":0},"end":{"line":216,"column":85}},"216":{"start":{"line":217,"column":0},"end":{"line":217,"column":76}},"217":{"start":{"line":218,"column":0},"end":{"line":218,"column":26}},"218":{"start":{"line":219,"column":0},"end":{"line":219,"column":17}},"219":{"start":{"line":220,"column":0},"end":{"line":220,"column":13}},"220":{"start":{"line":221,"column":0},"end":{"line":221,"column":81}},"221":{"start":{"line":222,"column":0},"end":{"line":222,"column":29}},"222":{"start":{"line":223,"column":0},"end":{"line":223,"column":25}},"223":{"start":{"line":224,"column":0},"end":{"line":224,"column":54}},"224":{"start":{"line":225,"column":0},"end":{"line":225,"column":68}},"226":{"start":{"line":227,"column":0},"end":{"line":227,"column":20}},"227":{"start":{"line":228,"column":0},"end":{"line":228,"column":54}},"228":{"start":{"line":229,"column":0},"end":{"line":229,"column":71}},"229":{"start":{"line":230,"column":0},"end":{"line":230,"column":33}},"230":{"start":{"line":231,"column":0},"end":{"line":231,"column":13}},"231":{"start":{"line":232,"column":0},"end":{"line":232,"column":9}},"232":{"start":{"line":233,"column":0},"end":{"line":233,"column":6}},"234":{"start":{"line":235,"column":0},"end":{"line":235,"column":61}},"235":{"start":{"line":236,"column":0},"end":{"line":236,"column":32}},"236":{"start":{"line":237,"column":0},"end":{"line":237,"column":33}},"237":{"start":{"line":238,"column":0},"end":{"line":238,"column":40}},"238":{"start":{"line":239,"column":0},"end":{"line":239,"column":29}},"239":{"start":{"line":240,"column":0},"end":{"line":240,"column":9}},"240":{"start":{"line":241,"column":0},"end":{"line":241,"column":28}},"241":{"start":{"line":242,"column":0},"end":{"line":242,"column":6}},"244":{"start":{"line":245,"column":0},"end":{"line":245,"column":37}},"245":{"start":{"line":246,"column":0},"end":{"line":246,"column":30}},"246":{"start":{"line":247,"column":0},"end":{"line":247,"column":72}},"247":{"start":{"line":248,"column":0},"end":{"line":248,"column":9}},"248":{"start":{"line":249,"column":0},"end":{"line":249,"column":16}},"250":{"start":{"line":251,"column":0},"end":{"line":251,"column":72}},"251":{"start":{"line":252,"column":0},"end":{"line":252,"column":28}},"253":{"start":{"line":254,"column":0},"end":{"line":254,"column":53}},"255":{"start":{"line":256,"column":0},"end":{"line":256,"column":28}},"256":{"start":{"line":257,"column":0},"end":{"line":257,"column":34}},"257":{"start":{"line":258,"column":0},"end":{"line":258,"column":19}},"258":{"start":{"line":259,"column":0},"end":{"line":259,"column":9}},"260":{"start":{"line":261,"column":0},"end":{"line":261,"column":25}},"261":{"start":{"line":262,"column":0},"end":{"line":262,"column":42}},"262":{"start":{"line":263,"column":0},"end":{"line":263,"column":44}},"263":{"start":{"line":264,"column":0},"end":{"line":264,"column":34}},"264":{"start":{"line":265,"column":0},"end":{"line":265,"column":16}},"265":{"start":{"line":266,"column":0},"end":{"line":266,"column":28}},"266":{"start":{"line":267,"column":0},"end":{"line":267,"column":9}},"267":{"start":{"line":268,"column":0},"end":{"line":268,"column":6}},"269":{"start":{"line":270,"column":0},"end":{"line":270,"column":57}},"270":{"start":{"line":271,"column":0},"end":{"line":271,"column":35}},"271":{"start":{"line":272,"column":0},"end":{"line":272,"column":41}},"272":{"start":{"line":273,"column":0},"end":{"line":273,"column":72}},"273":{"start":{"line":274,"column":0},"end":{"line":274,"column":13}},"274":{"start":{"line":275,"column":0},"end":{"line":275,"column":16}},"275":{"start":{"line":276,"column":0},"end":{"line":276,"column":42}},"276":{"start":{"line":277,"column":0},"end":{"line":277,"column":9}},"277":{"start":{"line":278,"column":0},"end":{"line":278,"column":6}},"279":{"start":{"line":280,"column":0},"end":{"line":280,"column":78}},"280":{"start":{"line":281,"column":0},"end":{"line":281,"column":27}},"281":{"start":{"line":282,"column":0},"end":{"line":282,"column":28}},"283":{"start":{"line":284,"column":0},"end":{"line":284,"column":40}},"284":{"start":{"line":285,"column":0},"end":{"line":285,"column":28}},"285":{"start":{"line":286,"column":0},"end":{"line":286,"column":9}},"287":{"start":{"line":288,"column":0},"end":{"line":288,"column":55}},"288":{"start":{"line":289,"column":0},"end":{"line":289,"column":6}},"290":{"start":{"line":291,"column":0},"end":{"line":291,"column":12}},"291":{"start":{"line":292,"column":0},"end":{"line":292,"column":35}},"293":{"start":{"line":294,"column":0},"end":{"line":294,"column":34}},"294":{"start":{"line":295,"column":0},"end":{"line":295,"column":52}},"295":{"start":{"line":296,"column":0},"end":{"line":296,"column":97}},"296":{"start":{"line":297,"column":0},"end":{"line":297,"column":80}},"297":{"start":{"line":298,"column":0},"end":{"line":298,"column":26}},"298":{"start":{"line":299,"column":0},"end":{"line":299,"column":26}},"299":{"start":{"line":300,"column":0},"end":{"line":300,"column":35}},"300":{"start":{"line":301,"column":0},"end":{"line":301,"column":48}},"301":{"start":{"line":302,"column":0},"end":{"line":302,"column":43}},"302":{"start":{"line":303,"column":0},"end":{"line":303,"column":70}},"303":{"start":{"line":304,"column":0},"end":{"line":304,"column":72}},"304":{"start":{"line":305,"column":0},"end":{"line":305,"column":51}},"305":{"start":{"line":306,"column":0},"end":{"line":306,"column":55}},"306":{"start":{"line":307,"column":0},"end":{"line":307,"column":60}},"307":{"start":{"line":308,"column":0},"end":{"line":308,"column":33}},"308":{"start":{"line":309,"column":0},"end":{"line":309,"column":41}},"310":{"start":{"line":311,"column":0},"end":{"line":311,"column":49}},"311":{"start":{"line":312,"column":0},"end":{"line":312,"column":50}},"312":{"start":{"line":313,"column":0},"end":{"line":313,"column":29}},"313":{"start":{"line":314,"column":0},"end":{"line":314,"column":26}},"314":{"start":{"line":315,"column":0},"end":{"line":315,"column":22}},"315":{"start":{"line":316,"column":0},"end":{"line":316,"column":22}},"318":{"start":{"line":319,"column":0},"end":{"line":319,"column":42}},"319":{"start":{"line":320,"column":0},"end":{"line":320,"column":72}},"320":{"start":{"line":321,"column":0},"end":{"line":321,"column":41}},"321":{"start":{"line":322,"column":0},"end":{"line":322,"column":60}},"322":{"start":{"line":323,"column":0},"end":{"line":323,"column":62}},"324":{"start":{"line":325,"column":0},"end":{"line":325,"column":24}},"325":{"start":{"line":326,"column":0},"end":{"line":326,"column":24}},"326":{"start":{"line":327,"column":0},"end":{"line":327,"column":37}},"327":{"start":{"line":328,"column":0},"end":{"line":328,"column":79}},"328":{"start":{"line":329,"column":0},"end":{"line":329,"column":61}},"329":{"start":{"line":330,"column":0},"end":{"line":330,"column":69}},"330":{"start":{"line":331,"column":0},"end":{"line":331,"column":73}},"333":{"start":{"line":334,"column":0},"end":{"line":334,"column":43}},"334":{"start":{"line":335,"column":0},"end":{"line":335,"column":86}},"335":{"start":{"line":336,"column":0},"end":{"line":336,"column":47}},"336":{"start":{"line":337,"column":0},"end":{"line":337,"column":87}},"338":{"start":{"line":339,"column":0},"end":{"line":339,"column":99}},"340":{"start":{"line":341,"column":0},"end":{"line":341,"column":34}},"343":{"start":{"line":344,"column":0},"end":{"line":344,"column":79}},"344":{"start":{"line":345,"column":0},"end":{"line":345,"column":36}},"345":{"start":{"line":346,"column":0},"end":{"line":346,"column":30}},"347":{"start":{"line":348,"column":0},"end":{"line":348,"column":39}},"348":{"start":{"line":349,"column":0},"end":{"line":349,"column":34}},"349":{"start":{"line":350,"column":0},"end":{"line":350,"column":43}},"350":{"start":{"line":351,"column":0},"end":{"line":351,"column":56}},"351":{"start":{"line":352,"column":0},"end":{"line":352,"column":51}},"352":{"start":{"line":353,"column":0},"end":{"line":353,"column":80}},"353":{"start":{"line":354,"column":0},"end":{"line":354,"column":71}},"354":{"start":{"line":355,"column":0},"end":{"line":355,"column":79}},"355":{"start":{"line":356,"column":0},"end":{"line":356,"column":68}},"356":{"start":{"line":357,"column":0},"end":{"line":357,"column":41}},"357":{"start":{"line":358,"column":0},"end":{"line":358,"column":66}},"358":{"start":{"line":359,"column":0},"end":{"line":359,"column":30}},"360":{"start":{"line":361,"column":0},"end":{"line":361,"column":79}},"363":{"start":{"line":364,"column":0},"end":{"line":364,"column":91}},"364":{"start":{"line":365,"column":0},"end":{"line":365,"column":60}},"365":{"start":{"line":366,"column":0},"end":{"line":366,"column":96}},"366":{"start":{"line":367,"column":0},"end":{"line":367,"column":34}},"368":{"start":{"line":369,"column":0},"end":{"line":369,"column":50}},"369":{"start":{"line":370,"column":0},"end":{"line":370,"column":50}},"370":{"start":{"line":371,"column":0},"end":{"line":371,"column":57}},"371":{"start":{"line":372,"column":0},"end":{"line":372,"column":92}},"372":{"start":{"line":373,"column":0},"end":{"line":373,"column":61}},"373":{"start":{"line":374,"column":0},"end":{"line":374,"column":93}},"374":{"start":{"line":375,"column":0},"end":{"line":375,"column":41}},"375":{"start":{"line":376,"column":0},"end":{"line":376,"column":34}},"378":{"start":{"line":379,"column":0},"end":{"line":379,"column":26}},"380":{"start":{"line":381,"column":0},"end":{"line":381,"column":15}},"381":{"start":{"line":382,"column":0},"end":{"line":382,"column":14}},"383":{"start":{"line":384,"column":0},"end":{"line":384,"column":1}}},"s":{"49":1,"50":1,"51":1,"53":1,"54":1,"63":1,"71":1,"72":1,"73":1,"74":1,"75":1,"76":1,"77":1,"79":1,"80":8,"81":8,"82":8,"83":8,"84":8,"85":8,"86":8,"87":8,"88":8,"89":8,"90":8,"91":8,"92":8,"93":8,"94":8,"95":8,"96":8,"99":8,"100":8,"101":8,"104":8,"105":2,"106":1,"107":1,"108":1,"109":1,"110":1,"111":8,"114":8,"115":2,"116":1,"117":1,"118":8,"121":8,"122":0,"123":0,"124":0,"125":0,"126":0,"127":0,"128":0,"129":0,"130":0,"133":8,"134":4,"135":4,"136":4,"137":4,"138":4,"139":4,"140":4,"141":4,"142":4,"144":8,"145":1,"146":0,"147":0,"148":0,"150":1,"151":1,"152":1,"153":0,"154":0,"155":1,"156":1,"157":1,"158":1,"159":0,"160":0,"161":0,"162":0,"163":1,"164":1,"166":8,"167":1,"168":1,"169":1,"170":0,"171":0,"172":1,"173":1,"176":8,"177":1,"178":0,"179":0,"180":0,"183":1,"186":1,"187":1,"188":1,"189":1,"190":1,"191":0,"192":0,"193":1,"195":0,"197":0,"198":0,"200":0,"201":0,"202":0,"203":0,"204":0,"205":0,"206":0,"207":0,"208":0,"209":1,"210":0,"211":0,"212":0,"213":0,"214":1,"215":0,"216":0,"217":0,"218":0,"219":1,"220":0,"221":0,"222":1,"223":1,"224":1,"226":1,"227":0,"228":0,"229":0,"230":0,"231":1,"232":1,"234":8,"235":1,"236":1,"237":1,"238":0,"239":0,"240":1,"241":1,"244":8,"245":0,"246":0,"247":0,"248":8,"250":8,"251":0,"253":0,"255":0,"256":0,"257":0,"258":0,"260":0,"261":0,"262":0,"263":0,"264":0,"265":0,"266":0,"267":0,"269":8,"270":0,"271":0,"272":0,"273":0,"274":0,"275":0,"276":0,"277":0,"279":8,"280":0,"281":0,"283":0,"284":0,"285":0,"287":0,"288":0,"290":8,"291":8,"293":8,"294":4,"295":4,"296":4,"297":4,"298":4,"299":4,"300":4,"301":4,"302":4,"303":4,"304":4,"305":4,"306":4,"307":4,"308":4,"310":1,"311":0,"312":0,"313":1,"314":4,"315":4,"318":8,"319":4,"320":4,"321":4,"322":4,"324":4,"325":4,"326":4,"327":4,"328":4,"329":4,"330":4,"333":4,"334":0,"335":0,"336":0,"338":0,"340":0,"343":4,"344":4,"345":4,"347":4,"348":4,"349":4,"350":4,"351":4,"352":4,"353":4,"354":4,"355":4,"356":4,"357":4,"358":4,"360":0,"363":4,"364":0,"365":0,"366":0,"368":4,"369":0,"370":0,"371":0,"372":0,"373":0,"374":0,"375":0,"378":4,"380":8,"381":8,"383":8},"branchMap":{"0":{"type":"branch","line":80,"loc":{"start":{"line":80,"column":7},"end":{"line":384,"column":1}},"locations":[{"start":{"line":80,"column":7},"end":{"line":384,"column":1}}]},"1":{"type":"branch","line":245,"loc":{"start":{"line":245,"column":26},"end":{"line":248,"column":9}},"locations":[{"start":{"line":245,"column":26},"end":{"line":248,"column":9}}]},"2":{"type":"branch","line":294,"loc":{"start":{"line":294,"column":13},"end":{"line":316,"column":22}},"locations":[{"start":{"line":294,"column":13},"end":{"line":316,"column":22}}]},"3":{"type":"branch","line":105,"loc":{"start":{"line":105,"column":20},"end":{"line":112,"column":7}},"locations":[{"start":{"line":105,"column":20},"end":{"line":112,"column":7}}]},"4":{"type":"branch","line":106,"loc":{"start":{"line":106,"column":28},"end":{"line":111,"column":9}},"locations":[{"start":{"line":106,"column":28},"end":{"line":111,"column":9}}]},"5":{"type":"branch","line":107,"loc":{"start":{"line":107,"column":36},"end":{"line":107,"column":64}},"locations":[{"start":{"line":107,"column":36},"end":{"line":107,"column":64}}]},"6":{"type":"branch","line":115,"loc":{"start":{"line":115,"column":20},"end":{"line":119,"column":7}},"locations":[{"start":{"line":115,"column":20},"end":{"line":119,"column":7}}]},"7":{"type":"branch","line":116,"loc":{"start":{"line":116,"column":30},"end":{"line":118,"column":9}},"locations":[{"start":{"line":116,"column":30},"end":{"line":118,"column":9}}]},"8":{"type":"branch","line":134,"loc":{"start":{"line":134,"column":27},"end":{"line":143,"column":6}},"locations":[{"start":{"line":134,"column":27},"end":{"line":143,"column":6}}]},"9":{"type":"branch","line":142,"loc":{"start":{"line":142,"column":32},"end":{"line":142,"column":50}},"locations":[{"start":{"line":142,"column":32},"end":{"line":142,"column":50}}]},"10":{"type":"branch","line":145,"loc":{"start":{"line":145,"column":31},"end":{"line":165,"column":6}},"locations":[{"start":{"line":145,"column":31},"end":{"line":165,"column":6}}]},"11":{"type":"branch","line":146,"loc":{"start":{"line":146,"column":56},"end":{"line":149,"column":9}},"locations":[{"start":{"line":146,"column":56},"end":{"line":149,"column":9}}]},"12":{"type":"branch","line":153,"loc":{"start":{"line":153,"column":59},"end":{"line":156,"column":17}},"locations":[{"start":{"line":153,"column":59},"end":{"line":156,"column":17}}]},"13":{"type":"branch","line":159,"loc":{"start":{"line":159,"column":12},"end":{"line":163,"column":13}},"locations":[{"start":{"line":159,"column":12},"end":{"line":163,"column":13}}]},"14":{"type":"branch","line":167,"loc":{"start":{"line":167,"column":32},"end":{"line":174,"column":6}},"locations":[{"start":{"line":167,"column":32},"end":{"line":174,"column":6}}]},"15":{"type":"branch","line":170,"loc":{"start":{"line":170,"column":8},"end":{"line":172,"column":9}},"locations":[{"start":{"line":170,"column":8},"end":{"line":172,"column":9}}]},"16":{"type":"branch","line":177,"loc":{"start":{"line":177,"column":31},"end":{"line":233,"column":6}},"locations":[{"start":{"line":177,"column":31},"end":{"line":233,"column":6}}]},"17":{"type":"branch","line":178,"loc":{"start":{"line":178,"column":31},"end":{"line":181,"column":9}},"locations":[{"start":{"line":178,"column":31},"end":{"line":181,"column":9}}]},"18":{"type":"branch","line":184,"loc":{"start":{"line":184,"column":38},"end":{"line":184,"column":76}},"locations":[{"start":{"line":184,"column":38},"end":{"line":184,"column":76}}]},"19":{"type":"branch","line":191,"loc":{"start":{"line":191,"column":57},"end":{"line":193,"column":17}},"locations":[{"start":{"line":191,"column":57},"end":{"line":193,"column":17}}]},"20":{"type":"branch","line":194,"loc":{"start":{"line":194,"column":16},"end":{"line":209,"column":17}},"locations":[{"start":{"line":194,"column":16},"end":{"line":209,"column":17}}]},"21":{"type":"branch","line":210,"loc":{"start":{"line":210,"column":16},"end":{"line":214,"column":17}},"locations":[{"start":{"line":210,"column":16},"end":{"line":214,"column":17}}]},"22":{"type":"branch","line":215,"loc":{"start":{"line":215,"column":16},"end":{"line":219,"column":17}},"locations":[{"start":{"line":215,"column":16},"end":{"line":219,"column":17}}]},"23":{"type":"branch","line":220,"loc":{"start":{"line":220,"column":12},"end":{"line":223,"column":17}},"locations":[{"start":{"line":220,"column":12},"end":{"line":223,"column":17}}]},"24":{"type":"branch","line":227,"loc":{"start":{"line":227,"column":12},"end":{"line":231,"column":13}},"locations":[{"start":{"line":227,"column":12},"end":{"line":231,"column":13}}]},"25":{"type":"branch","line":235,"loc":{"start":{"line":235,"column":32},"end":{"line":242,"column":6}},"locations":[{"start":{"line":235,"column":32},"end":{"line":242,"column":6}}]},"26":{"type":"branch","line":238,"loc":{"start":{"line":238,"column":8},"end":{"line":240,"column":9}},"locations":[{"start":{"line":238,"column":8},"end":{"line":240,"column":9}}]},"27":{"type":"branch","line":304,"loc":{"start":{"line":304,"column":34},"end":{"line":304,"column":72}},"locations":[{"start":{"line":304,"column":34},"end":{"line":304,"column":72}}]},"28":{"type":"branch","line":309,"loc":{"start":{"line":309,"column":33},"end":{"line":314,"column":26}},"locations":[{"start":{"line":309,"column":33},"end":{"line":314,"column":26}}]},"29":{"type":"branch","line":311,"loc":{"start":{"line":311,"column":48},"end":{"line":313,"column":29}},"locations":[{"start":{"line":311,"column":48},"end":{"line":313,"column":29}}]},"30":{"type":"branch","line":319,"loc":{"start":{"line":319,"column":31},"end":{"line":381,"column":13}},"locations":[{"start":{"line":319,"column":31},"end":{"line":381,"column":13}}]},"31":{"type":"branch","line":320,"loc":{"start":{"line":320,"column":51},"end":{"line":320,"column":72}},"locations":[{"start":{"line":320,"column":51},"end":{"line":320,"column":72}}]},"32":{"type":"branch","line":328,"loc":{"start":{"line":328,"column":48},"end":{"line":328,"column":74}},"locations":[{"start":{"line":328,"column":48},"end":{"line":328,"column":74}}]},"33":{"type":"branch","line":334,"loc":{"start":{"line":334,"column":25},"end":{"line":341,"column":34}},"locations":[{"start":{"line":334,"column":25},"end":{"line":341,"column":34}}]},"34":{"type":"branch","line":359,"loc":{"start":{"line":359,"column":28},"end":{"line":361,"column":79}},"locations":[{"start":{"line":359,"column":28},"end":{"line":361,"column":79}}]},"35":{"type":"branch","line":364,"loc":{"start":{"line":364,"column":30},"end":{"line":364,"column":50}},"locations":[{"start":{"line":364,"column":30},"end":{"line":364,"column":50}}]},"36":{"type":"branch","line":364,"loc":{"start":{"line":364,"column":50},"end":{"line":364,"column":91}},"locations":[{"start":{"line":364,"column":50},"end":{"line":364,"column":91}}]},"37":{"type":"branch","line":364,"loc":{"start":{"line":364,"column":85},"end":{"line":367,"column":34}},"locations":[{"start":{"line":364,"column":85},"end":{"line":367,"column":34}}]},"38":{"type":"branch","line":369,"loc":{"start":{"line":369,"column":39},"end":{"line":376,"column":34}},"locations":[{"start":{"line":369,"column":39},"end":{"line":376,"column":34}}]},"39":{"type":"branch","line":353,"loc":{"start":{"line":353,"column":42},"end":{"line":353,"column":80}},"locations":[{"start":{"line":353,"column":42},"end":{"line":353,"column":80}}]},"40":{"type":"branch","line":355,"loc":{"start":{"line":355,"column":43},"end":{"line":355,"column":79}},"locations":[{"start":{"line":355,"column":43},"end":{"line":355,"column":79}}]},"41":{"type":"branch","line":358,"loc":{"start":{"line":358,"column":41},"end":{"line":358,"column":66}},"locations":[{"start":{"line":358,"column":41},"end":{"line":358,"column":66}}]}},"b":{"0":[8],"1":[0],"2":[4],"3":[2],"4":[1],"5":[1],"6":[2],"7":[1],"8":[4],"9":[0],"10":[1],"11":[0],"12":[0],"13":[0],"14":[1],"15":[0],"16":[1],"17":[0],"18":[0],"19":[0],"20":[0],"21":[0],"22":[0],"23":[0],"24":[0],"25":[1],"26":[0],"27":[1],"28":[1],"29":[0],"30":[4],"31":[0],"32":[0],"33":[0],"34":[0],"35":[0],"36":[0],"37":[0],"38":[0],"39":[1],"40":[1],"41":[1]},"fnMap":{"0":{"name":"GridView","decl":{"start":{"line":80,"column":7},"end":{"line":384,"column":1}},"loc":{"start":{"line":80,"column":7},"end":{"line":384,"column":1}},"line":80},"1":{"name":"getDefaultName","decl":{"start":{"line":122,"column":27},"end":{"line":131,"column":6}},"loc":{"start":{"line":122,"column":27},"end":{"line":131,"column":6}},"line":122},"2":{"name":"getPlaceholder","decl":{"start":{"line":134,"column":27},"end":{"line":143,"column":6}},"loc":{"start":{"line":134,"column":27},"end":{"line":143,"column":6}},"line":134},"3":{"name":"handleRenameSubmit","decl":{"start":{"line":145,"column":31},"end":{"line":165,"column":6}},"loc":{"start":{"line":145,"column":31},"end":{"line":165,"column":6}},"line":145},"4":{"name":"handleRenameKeyDown","decl":{"start":{"line":167,"column":32},"end":{"line":174,"column":6}},"loc":{"start":{"line":167,"column":32},"end":{"line":174,"column":6}},"line":167},"5":{"name":"handleCreateSubmit","decl":{"start":{"line":177,"column":31},"end":{"line":233,"column":6}},"loc":{"start":{"line":177,"column":31},"end":{"line":233,"column":6}},"line":177},"6":{"name":"handleCreateKeyDown","decl":{"start":{"line":235,"column":32},"end":{"line":242,"column":6}},"loc":{"start":{"line":235,"column":32},"end":{"line":242,"column":6}},"line":235},"7":{"name":"handleClick","decl":{"start":{"line":251,"column":24},"end":{"line":268,"column":6}},"loc":{"start":{"line":251,"column":24},"end":{"line":268,"column":6}},"line":251},"8":{"name":"handleDoubleClick","decl":{"start":{"line":270,"column":30},"end":{"line":278,"column":6}},"loc":{"start":{"line":270,"column":30},"end":{"line":278,"column":6}},"line":270},"9":{"name":"handleContextMenu","decl":{"start":{"line":280,"column":30},"end":{"line":289,"column":6}},"loc":{"start":{"line":280,"column":30},"end":{"line":289,"column":6}},"line":280},"10":{"name":"onChange","decl":{"start":{"line":304,"column":34},"end":{"line":304,"column":72}},"loc":{"start":{"line":304,"column":34},"end":{"line":304,"column":72}},"line":304},"11":{"name":"onClick","decl":{"start":{"line":307,"column":33},"end":{"line":307,"column":60}},"loc":{"start":{"line":307,"column":33},"end":{"line":307,"column":60}},"line":307},"12":{"name":"onFocus","decl":{"start":{"line":309,"column":33},"end":{"line":314,"column":26}},"loc":{"start":{"line":309,"column":33},"end":{"line":314,"column":26}},"line":309},"13":{"name":"onClick","decl":{"start":{"line":329,"column":33},"end":{"line":329,"column":61}},"loc":{"start":{"line":329,"column":33},"end":{"line":329,"column":61}},"line":329},"14":{"name":"onDoubleClick","decl":{"start":{"line":330,"column":39},"end":{"line":330,"column":69}},"loc":{"start":{"line":330,"column":39},"end":{"line":330,"column":69}},"line":330},"15":{"name":"onContextMenu","decl":{"start":{"line":331,"column":39},"end":{"line":331,"column":73}},"loc":{"start":{"line":331,"column":39},"end":{"line":331,"column":73}},"line":331},"16":{"name":"onChange","decl":{"start":{"line":353,"column":42},"end":{"line":353,"column":80}},"loc":{"start":{"line":353,"column":42},"end":{"line":353,"column":80}},"line":353},"17":{"name":"onBlur","decl":{"start":{"line":354,"column":40},"end":{"line":354,"column":71}},"loc":{"start":{"line":354,"column":40},"end":{"line":354,"column":71}},"line":354},"18":{"name":"onKeyDown","decl":{"start":{"line":355,"column":43},"end":{"line":355,"column":79}},"loc":{"start":{"line":355,"column":43},"end":{"line":355,"column":79}},"line":355},"19":{"name":"onClick","decl":{"start":{"line":356,"column":41},"end":{"line":356,"column":68}},"loc":{"start":{"line":356,"column":41},"end":{"line":356,"column":68}},"line":356},"20":{"name":"onFocus","decl":{"start":{"line":358,"column":41},"end":{"line":358,"column":66}},"loc":{"start":{"line":358,"column":41},"end":{"line":358,"column":66}},"line":358}},"f":{"0":8,"1":0,"2":4,"3":1,"4":1,"5":1,"6":1,"7":0,"8":0,"9":0,"10":1,"11":0,"12":1,"13":0,"14":0,"15":0,"16":1,"17":0,"18":1,"19":0,"20":1}}
,"D:\\Peter\\AURA Proto review 1\\AURA-PROJ\\AURA-NOTES-MANAGER\\frontend\\src\\components\\explorer\\ListView.tsx": {"path":"D:\\Peter\\AURA Proto review 1\\AURA-PROJ\\AURA-NOTES-MANAGER\\frontend\\src\\components\\explorer\\ListView.tsx","all":true,"statementMap":{"0":{"start":{"line":1,"column":0},"end":{"line":1,"column":3}},"1":{"start":{"line":2,"column":0},"end":{"line":2,"column":79}},"2":{"start":{"line":3,"column":0},"end":{"line":3,"column":21}},"3":{"start":{"line":4,"column":0},"end":{"line":4,"column":58}},"4":{"start":{"line":5,"column":0},"end":{"line":5,"column":79}},"5":{"start":{"line":6,"column":0},"end":{"line":6,"column":2}},"6":{"start":{"line":7,"column":0},"end":{"line":7,"column":11}},"7":{"start":{"line":8,"column":0},"end":{"line":8,"column":74}},"8":{"start":{"line":9,"column":0},"end":{"line":9,"column":77}},"9":{"start":{"line":10,"column":0},"end":{"line":10,"column":24}},"10":{"start":{"line":11,"column":0},"end":{"line":11,"column":2}},"11":{"start":{"line":12,"column":0},"end":{"line":12,"column":19}},"12":{"start":{"line":13,"column":0},"end":{"line":13,"column":78}},"13":{"start":{"line":14,"column":0},"end":{"line":14,"column":77}},"14":{"start":{"line":15,"column":0},"end":{"line":15,"column":2}},"15":{"start":{"line":16,"column":0},"end":{"line":16,"column":16}},"16":{"start":{"line":17,"column":0},"end":{"line":17,"column":45}},"17":{"start":{"line":18,"column":0},"end":{"line":18,"column":64}},"18":{"start":{"line":19,"column":0},"end":{"line":19,"column":31}},"19":{"start":{"line":20,"column":0},"end":{"line":20,"column":35}},"20":{"start":{"line":21,"column":0},"end":{"line":21,"column":39}},"21":{"start":{"line":22,"column":0},"end":{"line":22,"column":2}},"22":{"start":{"line":23,"column":0},"end":{"line":23,"column":11}},"23":{"start":{"line":24,"column":0},"end":{"line":24,"column":32}},"24":{"start":{"line":25,"column":0},"end":{"line":25,"column":46}},"25":{"start":{"line":26,"column":0},"end":{"line":26,"column":57}},"26":{"start":{"line":27,"column":0},"end":{"line":27,"column":32}},"27":{"start":{"line":28,"column":0},"end":{"line":28,"column":39}},"28":{"start":{"line":29,"column":0},"end":{"line":29,"column":2}},"29":{"start":{"line":30,"column":0},"end":{"line":30,"column":16}},"30":{"start":{"line":31,"column
[...]
column":99}}]},"40":{"type":"branch","line":372,"loc":{"start":{"line":372,"column":20},"end":{"line":372,"column":82}},"locations":[{"start":{"line":372,"column":20},"end":{"line":372,"column":82}}]},"41":{"type":"branch","line":375,"loc":{"start":{"line":375,"column":23},"end":{"line":392,"column":6}},"locations":[{"start":{"line":375,"column":23},"end":{"line":392,"column":6}}]},"42":{"type":"branch","line":377,"loc":{"start":{"line":377,"column":30},"end":{"line":377,"column":61}},"locations":[{"start":{"line":377,"column":30},"end":{"line":377,"column":61}}]},"43":{"type":"branch","line":379,"loc":{"start":{"line":379,"column":37},"end":{"line":381,"column":11}},"locations":[{"start":{"line":379,"column":37},"end":{"line":381,"column":11}}]},"44":{"type":"branch","line":394,"loc":{"start":{"line":394,"column":24},"end":{"line":406,"column":6}},"locations":[{"start":{"line":394,"column":24},"end":{"line":406,"column":6}}]},"45":{"type":"branch","line":396,"loc":{"start":{"line":396,"column":30},"end":{"line":396,"column":61}},"locations":[{"start":{"line":396,"column":30},"end":{"line":396,"column":61}}]}},"b":{"0":[5],"1":[2],"2":[4],"3":[3],"4":[1],"5":[3],"6":[2],"7":[1],"8":[1],"9":[2],"10":[4],"11":[2],"12":[0],"13":[1],"14":[4],"15":[1],"16":[3],"17":[3],"18":[1],"19":[2],"20":[1],"21":[1],"22":[0],"23":[1],"24":[3],"25":[1],"26":[7],"27":[4],"28":[4],"29":[2],"30":[2],"31":[1],"32":[1],"33":[1],"34":[4],"35":[1],"36":[1],"37":[1],"38":[2],"39":[1],"40":[1],"41":[12],"42":[2],"43":[1],"44":[6],"45":[3]},"fnMap":{"0":{"name":"setSelectionMode","decl":{"start":{"line":189,"column":22},"end":{"line":189,"column":67}},"loc":{"start":{"line":189,"column":22},"end":{"line":189,"column":67}},"line":189},"1":{"name":"setKGPolling","decl":{"start":{"line":191,"column":18},"end":{"line":193,"column":7}},"loc":{"start":{"line":191,"column":18},"end":{"line":193,"column":7}},"line":191},"2":{"name":"openProcessDialog","decl":{"start":{"line":195,"column":23},"end":{"line":197,"column":7}},"loc":{"start":{"line":195,"column":23},"end":{"line":197,"column":7}},"line":195},"3":{"name":"closeProcessDialog","decl":{"start":{"line":199,"column":24},"end":{"line":201,"column":7}},"loc":{"start":{"line":199,"column":24},"end":{"line":201,"column":7}},"line":199},"4":{"name":"setActiveNode","decl":{"start":{"line":204,"column":19},"end":{"line":206,"column":7}},"loc":{"start":{"line":204,"column":19},"end":{"line":206,"column":7}},"line":204},"5":{"name":"setCurrentPath","decl":{"start":{"line":208,"column":20},"end":{"line":212,"column":7}},"loc":{"start":{"line":208,"column":20},"end":{"line":212,"column":7}},"line":208},"6":{"name":"navigateTo","decl":{"start":{"line":214,"column":16},"end":{"line":224,"column":6}},"loc":{"start":{"line":214,"column":16},"end":{"line":224,"column":6}},"line":214},"7":{"name":"navigateUp","decl":{"start":{"line":226,"column":16},"end":{"line":250,"column":6}},"loc":{"start":{"line":226,"column":16},"end":{"line":250,"column":6}},"line":226},"8":{"name":"select","decl":{"start":{"line":253,"column":12},"end":{"line":256,"column":7}},"loc":{"start":{"line":253,"column":12},"end":{"line":256,"column":7}},"line":253},"9":{"name":"toggleSelect","decl":{"start":{"line":258,"column":18},"end":{"line":270,"column":6}},"loc":{"start":{"line":258,"column":18},"end":{"line":270,"column":6}},"line":258},"10":{"name":"rangeSelect","decl":{"start":{"line":272,"column":17},"end":{"line":293,"column":6}},"loc":{"start":{"line":272,"column":17},"end":{"line":293,"column":6}},"line":272},"11":{"name":"clearSelection","decl":{"start":{"line":295,"column":20},"end":{"line":298,"column":7}},"loc":{"start":{"line":295,"column":20},"end":{"line":298,"column":7}},"line":295},"12":{"name":"selectAll","decl":{"start":{"line":300,"column":15},"end":{"line":303,"column":7}},"loc":{"start":{"line":300,"column":15},"end":{"line":303,"column":7}},"line":300},"13":{"name":"expand","decl":{"start":{"line":306,"column":12},"end":{"line":311,"column":6}},"loc":{"start":{"line":306,"column":12},"end":{"line":311,"column":6}},"line":306},"14":{"name":"collapse","decl":{"start":{"line":313,"column":14},"end":{"line":318,"column":6}},"loc":{"start":{"line":313,"column":14},"end":{"line":318,"column":6}},"line":313},"15":{"name":"toggleExpand","decl":{"start":{"line":320,"column":18},"end":{"line":327,"column":6}},"loc":{"start":{"line":320,"column":18},"end":{"line":327,"column":6}},"line":320},"16":{"name":"openDeleteDialog","decl":{"start":{"line":332,"column":22},"end":{"line":338,"column":7}},"loc":{"start":{"line":332,"column":22},"end":{"line":338,"column":7}},"line":332},"17":{"name":"closeDeleteDialog","decl":{"start":{"line":339,"column":23},"end":{"line":342,"column":7}},"loc":{"start":{"line":339,"column":23},"end":{"line":342,"column":7}},"line":339},"18":{"name":"setViewMode","decl":{"start":{"line":345,"column":17},"end":{"line":345,"column":51}},"loc":{"start":{"line":345,"column":17},"end":{"line":345,"column":51}},"line":345},"19":{"name":"setSearchQuery","decl":{"start":{"line":346,"column":20},"end":{"line":346,"column":59}},"loc":{"start":{"line":346,"column":20},"end":{"line":346,"column":59}},"line":346},"20":{"name":"setClipboard","decl":{"start":{"line":349,"column":18},"end":{"line":351,"column":7}},"loc":{"start":{"line":349,"column":18},"end":{"line":351,"column":7}},"line":349},"21":{"name":"clearClipboard","decl":{"start":{"line":353,"column":20},"end":{"line":355,"column":7}},"loc":{"start":{"line":353,"column":20},"end":{"line":355,"column":7}},"line":353},"22":{"name":"openContextMenu","decl":{"start":{"line":358,"column":21},"end":{"line":361,"column":7}},"loc":{"start":{"line":358,"column":21},"end":{"line":361,"column":7}},"line":358},"23":{"name":"closeContextMenu","decl":{"start":{"line":363,"column":22},"end":{"line":366,"column":7}},"loc":{"start":{"line":363,"column":22},"end":{"line":366,"column":7}},"line":363},"24":{"name":"setRenamingNodeId","decl":{"start":{"line":368,"column":23},"end":{"line":368,"column":59}},"loc":{"start":{"line":368,"column":23},"end":{"line":368,"column":59}},"line":368},"25":{"name":"startCreating","decl":{"start":{"line":371,"column":19},"end":{"line":371,"column":99}},"loc":{"start":{"line":371,"column":19},"end":{"line":371,"column":99}},"line":371},"26":{"name":"cancelCreating","decl":{"start":{"line":372,"column":20},"end":{"line":372,"column":82}},"loc":{"start":{"line":372,"column":20},"end":{"line":372,"column":82}},"line":372},"27":{"name":"openWarningDialog","decl":{"start":{"line":375,"column":23},"end":{"line":392,"column":6}},"loc":{"start":{"line":375,"column":23},"end":{"line":392,"column":6}},"line":375},"28":{"name":"closeWarningDialog","decl":{"start":{"line":394,"column":24},"end":{"line":406,"column":6}},"loc":{"start":{"line":394,"column":24},"end":{"line":406,"column":6}},"line":394}},"f":{"0":2,"1":4,"2":3,"3":1,"4":3,"5":1,"6":2,"7":4,"8":1,"9":4,"10":3,"11":1,"12":3,"13":7,"14":4,"15":4,"16":2,"17":1,"18":1,"19":1,"20":4,"21":1,"22":1,"23":1,"24":2,"25":1,"26":1,"27":12,"28":6}}
,"D:\\Peter\\AURA Proto review 1\\AURA-PROJ\\AURA-NOTES-MANAGER\\frontend\\src\\types\\FileSystemNode.ts": {"path":"D:\\Peter\\AURA Proto review 1\\AURA-PROJ\\AURA-NOTES-MANAGER\\frontend\\src\\types\\FileSystemNode.ts","all":true,"statementMap":{"0":{"start":{"line":1,"column":0},"end":{"line":1,"column":3}},"1":{"start":{"line":2,"column":0},"end":{"line":2,"column":79}},"2":{"start":{"line":3,"column":0},"end":{"line":3,"column":26}},"3":{"start":{"line":4,"column":0},"end":{"line":4,"column":49}},"4":{"start":{"line":5,"column":0},"end":{"line":5,"column":79}},"5":{"start":{"line":6,"column":0},"end":{"line":6,"column":2}},"6":{"start":{"line":7,"column":0},"end":{"line":7,"column":11}},"7":{"start":{"line":8,"column":0},"end":{"line":8,"column":67}},"8":{"start":{"line":9,"column":0},"end":{"line":9,"column":70}},"9":{"start":{"line":10,"column":0},"end":{"line":10,"column":60}},"10":{"start":{"line":11,"column":0},"end":{"line":11,"column":2}},"11":{"start":{"line":12,"column":0},"end":{"line":12,"column":19}},"12":{"start":{"line":13,"column":0},"end":{"line":13,"column":64}},"13":{"start":{"line":14,"column":0},"end":{"line":14,"column":58}},"14":{"start":{"line":15,"column":0},"end":{"line":15,"column":59}},"15":{"start":{"line":16,"column":0},"end":{"line":16,"column":56}},"16":{"start":{"line":17,"column":0},"end":{"line":17,"column":2}},"17":{"start":{"line":18,"column":0},"end":{"line":18,"column":13}},"18":{"start":{"line":19,"column":0},"end":{"line":19,"column":22}},"19":{"start":{"line":20,"column":0},"end":{"line":20,"column":90}},"20":{"start":{"line":21,"column":0},"end":{"line":21,"column":75}},"21":{"start":{"line":22,"column":0},"end":{"line":22,"column":78}},"22":{"start":{"line":23,"column":0},"end":{"line":23,"column":58}},"23":{"start":{"line":24,"column":0},"end":{"line":24,"column":59}},"24":{"start":{"line":25,"column":0},"end":{"line":25,"column":2}},"25":{"start":{"line":26,"column":0},"end":{"line":26,"column":29}},"26":{"start":{"line":27,"column":0},"end":{"line":27,"column":57}},"27":{"start":{"line":28,"column":0},"end":{"line":28,"column":51}},"28":{"start":{"line":29,"column":0},"end":{"line":29,"column":50}},"29":{"start":{"line":30,"column":0},"end":{"line":30,"column":49}},"30":{"start":{"line":31,"column":0},"end":{"line":31,"column":59}},"31":{"start":{"line":32,"column":0},"end":{"line":32,"column":2}},"32":{"start":{"line":33,"column":0},"end":{"line":33,"column":16}},"33":{"start":{"line":34,"column":0},"end":{"line":34,"column":40}},"34":{"start":{"line":35,"column":0},"end":{"line":35,"column":22}},"35":{"start":{"line":36,"column":0},"end":{"line":36,"column":2}},"36":{"start":{"line":37,"column":0},"end":{"line":37,"column":9}},"37":{"start":{"line":38,"column":0},"end":{"line":38,"column":84}},"38":{"start":{"line":39,"column":0},"end":{"line":39,"column":79}},"39":{"start":{"line":40,"column":0},"end":{"line":40,"column":3}},"40":{"start":{"line":41,"column":0},"end":{"line":41,"column":0}},"41":{"start":{"line":42,"column":0},"end":{"line":42,"column":86}},"42":{"start":{"line":43,"column":0},"end":{"line":43,"column":0}},"43":{"start":{"line":44,"column":0},"end":{"line":44,"column":37}},"44":{"start":{"line":45,"column":0},"end":{"line":45,"column":23}},"45":{"start":{"line":46,"column":0},"end":{"line":46,"column":26}},"46":{"start":{"line":47,"column":0},"end":{"line":47,"column":22}},"47":{"start":{"line":48,"column":0},"end":{"line":48,"column":32}},"48":{"start":{"line":49,"column":0},"end":{"line":49,"column":23}},"49":{"start":{"line":50,"column":0},"end":{"line":50,"column":23}},"50":{"start":{"line":51,"column":0},"end":{"line":51,"column":25}},"51":{"start":{"line":52,"column":0},"end":{"line":52,"column":18}},"52":{"start":{"line":53,"column":0},"end":{"line":53,"column":0}},"53":{"start":{"line":54,"column":0},"end":{"line":54,"column":27}},"54":{"start":{"line":55,"column":0},"end":{"line":55,"column":62}},"55":{"start":{"line":56,"column":0},"end":{"line":56,"column":29}},"56":{"start":{"line":57,"column":0},"end":{"line":57,"column":22}},"57":{"start":{"line":58,"column":0},"end":{"line":58,"column":23}},"58":{"start":{"line":59,"column":0},"end":{"line":59,"column":1}},"59":{"start":{"line":60,"column":0},"end":{"line":60,"column":0}},"60":{"start":{"line":61,"column":0},"end":{"line":61,"column":33}},"61":{"start":{"line":62,"column":0},"end":{"line":62,"column":15}},"62":{"start":{"line":63,"column":0},"end":{"line":63,"column":24}},"63":{"start":{"line":64,"column":0},"end":{"line":64,"column":18}},"64":{"start":{"line":65,"column":0},"end":{"line":65,"column":28}},"65":{"start":{"line":66,"column":0},"end":{"line":66,"column":32}},"66":{"start":{"line":67,"column":0},"end":{"line":67,"column":30}},"67":{"start":{"line":68,"column":0},"end":{"line":68,"column":1}},"68":{"start":{"line":69,"column":0},"end":{"line":69,"column":0}},"69":{"start":{"line":70,"column":0},"end":{"line":70,"column":29}},"70":{"start":{"line":71,"column":0},"end":{"line":71,"column":30}},"71":{"start":{"line":72,"column":0},"end":{"line":72,"column":19}},"72":{"start":{"line":73,"column":0},"end":{"line":73,"column":28}},"73":{"start":{"line":74,"column":0},"end":{"line":74,"column":27}},"74":{"start":{"line":75,"column":0},"end":{"line":75,"column":36}},"75":{"start":{"line":76,"column":0},"end":{"line":76,"column":1}},"76":{"start":{"line":77,"column":0},"end":{"line":77,"column":0}},"77":{"start":{"line":78,"column":0},"end":{"line":78,"column":31}},"78":{"start":{"line":79,"column":0},"end":{"line":79,"column":21}},"79":{"start":{"line":80,"column":0},"end":{"line":80,"column":20}},"80":{"start":{"line":81,"column":0},"end":{"line":81,"column":26}},"81":{"start":{"line":82,"column":0},"end":{"line":82,"column":1}},"82":{"start":{"line":83,"column":0},"end":{"line":83,"column":0}},"83":{"start":{"line":84,"column":0},"end":{"line":84,"column":36}},"84":{"start":{"line":85,"column":0},"end":{"line":85,"column":17}},"85":{"start":{"line":86,"column":0},"end":{"line":86,"column":18}},"86":{"start":{"line":87,"column":0},"end":{"line":87,"column":22}},"87":{"start":{"line":88,"column":0},"end":{"line":88,"column":1}},"88":{"start":{"line":89,"column":0},"end":{"line":89,"column":0}},"89":{"start":{"line":90,"column":0},"end":{"line":90,"column":25}},"90":{"start":{"line":91,"column":0},"end":{"line":91,"column":37}},"91":{"start":{"line":92,"column":0},"end":{"line":92,"column":21}},"92":{"start":{"line":93,"column":0},"end":{"line":93,"column":24}},"93":{"start":{"line":94,"column":0},"end":{"line":94,"column":19}},"94":{"start":{"line":95,"column":0},"end":{"line":95,"column":1}},"95":{"start":{"line":96,"column":0},"end":{"line":96,"column":0}},"96":{"start":{"line":97,"column":0},"end":{"line":97,"column":32}},"97":{"start":{"line":98,"column":0},"end":{"line":98,"column":18}},"98":{"start":{"line":99,"column":0},"end":{"line":99,"column":23}},"99":{"start":{"line":100,"column":0},"end":{"line":100,"column":1}},"100":{"start":{"line":101,"column":0},"end":{"line":101,"column":0}},"101":{"start":{"line":102,"column":0},"end":{"line":102,"column":33}},"102":{"start":{"line":103,"column":0},"end":{"line":103,"column":21}},"103":{"start":{"line":104,"column":0},"end":{"line":104,"column":31}},"104":{"start":{"line":105,"column":0},"end":{"line":105,"column":19}},"105":{"start":{"line":106,"column":0},"end":{"line":106,"column":1}},"106":{"start":{"line":107,"column":0},"end":{"line":107,"column":0}},"107":{"start":{"line":108,"column":0},"end":{"line":108,"column":35}},"108":{"start":{"line":109,"column":0},"end":{"line":109,"column":18}},"109":{"start":{"line":110,"column":0},"end":{"line":110,"column":30}},"110":{"start":{"line":111,"column":0},"end":{"line":111,"column":1}},"111":{"start":{"line":112,"column":0},"end":{"line":112,"column":0}},"112":{"start":{"line":113,"column":0},"end":{"line":113,"column":36}},"113":{"start":{"line":114,"column":0},"end":{"line":114,"column":21}},"114":{"start":{"line":115,"column":0},"end":{"line":115,"column":19}},"115":{"start":{"line":116,"column":0},"end":{"line":116,"column":19}},"116":{"start":{"line":117,"column":0},"end":{"line":117,"column":1}},"117":{"start":{"line":118,"column":0},"end":{"line":118,"column":0}},"118":{"start":{"line":119,"column":0},"end":{"line":119,"column":37}},"119":{"start":{"line":120,"column":0},"end":{"line":120,"column":18}},"120":{"start":{"line":121,"column":0},"end":{"line":121,"column":18}},"121":{"start":{"line":122,"column":0},"end":{"line":122,"column":22}},"122":{"start":{"line":123,"column":0},"end":{"line":123,"column":1}},"123":{"start":{"line":124,"column":0},"end":{"line":124,"column":0}},"124":{"start":{"line":125,"column":0},"end":{"line":125,"column":38}},"125":{"start":{"line":126,"column":0},"end":{"line":126,"column":21}},"126":{"start":{"line":127,"column":0},"end":{"line":127,"column":20}},"127":{"start":{"line":128,"column":0},"end":{"line":128,"column":20}},"128":{"start":{"line":129,"column":0},"end":{"line":129,"column":19}},"129":{"start":{"line":130,"column":0},"end":{"line":130,"column":1}},"130":{"start":{"line":131,"column":0},"end":{"line":131,"column":0}},"131":{"start":{"line":132,"column":0},"end":{"line":132,"column":33}},"132":{"start":{"line":133,"column":0},"end":{"line":133,"column":18}},"133":{"start":{"line":134,"column":0},"end":{"line":134,"column":110}},"134":{"start":{"line":135,"column":0},"end":{"line":135,"column":21}},"135":{"start":{"line":136,"column":0},"end":{"line":136,"column":21}},"136":{"start":{"line":137,"column":0},"end":{"line":137,"column":14}},"137":{"start":{"line":138,"column":0},"end":{"line":138,"column":27}},"138":{"start":{"line":139,"column":0},"end":{"line":139,"column":34}},"139":{"start":{"line":140,"column":0},"end":{"line":140,"column":22}},"140":{"start":{"line":141,"column":0},"end":{"line":141,"column":23}},"141":{"start":{"line":142,"column":0},"end":{"line":142,"column":24}},"142":{"start":{"line":143,"column":0},"end":{"line":143,"column":6}},"143":{"start":{"line":144,"column":0},"end":{"line":144,"column":1}}},"s":{"0":0,"1":0,"2":0,"3":0,"4":0,"5":0,"6":0,"7":0,"8":0,"9":0,"10":0,"11":0,"12":0,"13":0,"14":0,"15":0,"16":0,"17":0,"18":0,"19":0,"20":0,"21":0,"22":0,"23":0,"24":0,"25":0,"26":0,"27":0,"28":0,"29":0,"30":0,"31":0,"32":0,"33":0,"34":0,"35":0,"36":0,"37":0,"38":0,"39":0,"40":0,"41":0,"42":0,"43":0,"44":0,"45":0,"46":0,"47":0,"48":0,"49":0,"50":0,"51":0,"52":0,"53":0,"54":0,"55":0,"56":0,"57":0,"58":0,"59":0,"60":0,"61":0,"62":0,"63":0,"64":0,"65":0,"66":0,"67":0,"68":0,"69":0,"70":0,"71":0,"72":0,"73":0,"74":0,"75":0,"76":0,"77":0,"78":0,"79":0,"80":0,"81":0,"82":0,"83":0,"84":0,"85":0,"86":0,"87":0,"88":0,"89":0,"90":0,"91":0,"92":0,"93":0,"94":0,"95":0,"96":0,"97":0,"98":0,"99":0,"100":0,"101":0,"102":0,"103":0,"104":0,"105":0,"106":0,"107":0,"108":0,"109":0,"110":0,"111":0,"112":0,"113":0,"114":0,"115":0,"116":0,"117":0,"118":0,"119":0,"120":0,"121":0,"122":0,"123":0,"124":0,"125":0,"126":0,"127":0,"128":0,"129":0,"130":0,"131":0,"132":0,"133":0,"134":0,"135":0,"136":0,"137":0,"138":0,"139":0,"140":0,"141":0,"142":0,"143":0},"branchMap":{"0":{"type":"branch","line":1,"loc":{"start":{"line":1,"column":0},"end":{"line":144,"column":1}},"locations":[{"start":{"line":1,"column":0},"end":{"line":144,"column":1}}]}},"b":{"0":[0]},"fnMap":{"0":{"name":"(empty-report)","decl":{"start":{"line":1,"column":0},"end":{"line":144,"column":1}},"loc":{"start":{"line":1,"column":0},"end":{"line":144,"column":1}},"line":1}},"f":{"0":0}}
,"D:\\Peter\\AURA Proto review 1\\AURA-PROJ\\AURA-NOTES-MANAGER\\frontend\\src\\types\\index.ts": {"path":"D:\\Peter\\AURA Proto review 1\\AURA-PROJ\\AURA-NOTES-MANAGER\\frontend\\src\\types\\index.ts","all":true,"statementMap":{"0":{"start":{"line":1,"column":0},"end":{"line":1,"column":3}},"1":{"start":{"line":2,"column":0},"end":{"line":2,"column":14}},"2":{"start":{"line":3,"column":0},"end":{"line":3,"column":27}},"3":{"start":{"line":4,"column":0},"end":{"line":4,"column":2}},"4":{"start":{"line":5,"column":0},"end":{"line":5,"column":60}},"5":{"start":{"line":6,"column":0},"end":{"line":6,"column":52}},"6":{"start":{"line":7,"column":0},"end":{"line":7,"column":2}},"7":{"start":{"line":8,"column":0},"end":{"line":8,"column":57}},"8":{"start":{"line":9,"column":0},"end":{"line":9,"column":3}},"9":{"start":{"line":10,"column":0},"end":{"line":10,"column":33}}},"s":{"0":0,"1":0,"2":0,"3":0,"4":0,"5":0,"6":0,"7":0,"8":0,"9":0},"branchMap":{"0":{"type":"branch","line":1,"loc":{"start":{"line":1,"column":0},"end":{"line":10,"column":33}},"locations":[{"start":{"line":1,"column":0},"end":{"line":10,"column":33}}]}},"b":{"0":[0]},"fnMap":{"0":{"name":"(empty-report)","decl":{"start":{"line":1,"column":0},"end":{"line":10,"column":33}},"loc":{"start":{"line":1,"column":0},"end":{"line":10,"column":33}},"line":1}},"f":{"0":0}}
}
